<?xml version="1.0" ?>
<testsuites disabled="0" errors="0" failures="173" tests="254" time="0.0">
	<testsuite disabled="0" errors="0" failures="0" name="/home/ska/Documents/project/ska-sw-integration-testing/.pylintrc" skipped="0" tests="1" time="0">
		<testcase name="/home/ska/Documents/project/ska-sw-integration-testing/.pylintrc:0:0" classname="pylint">
			<system-out>All checks passed for: None</system-out>
		</testcase>
	</testsuite>
	<testsuite disabled="0" errors="0" failures="0" name="Command line or configuration file" skipped="0" tests="1" time="0">
		<testcase name="Command line or configuration file:0:0" classname="pylint">
			<system-out>All checks passed for: None</system-out>
		</testcase>
	</testsuite>
	<testsuite disabled="0" errors="0" failures="0" name="tmc_sdp.test_xtp-34890_sdp_component_unavailable" skipped="0" tests="1" time="0">
		<testcase name="tmc_sdp.test_xtp-34890_sdp_component_unavailable:0:0" classname="pylint" file="Low/tests/tmc_sdp/test_xtp-34890_sdp_component_unavailable.py">
			<system-out>All checks passed for: Low/tests/tmc_sdp/test_xtp-34890_sdp_component_unavailable.py</system-out>
		</testcase>
	</testsuite>
	<testsuite disabled="0" errors="0" failures="0" name="tmc_sdp.test_xtp-29228_startup_sdp" skipped="0" tests="1" time="0">
		<testcase name="tmc_sdp.test_xtp-29228_startup_sdp:0:0" classname="pylint" file="Low/tests/tmc_sdp/test_xtp-29228_startup_sdp.py">
			<system-out>All checks passed for: Low/tests/tmc_sdp/test_xtp-29228_startup_sdp.py</system-out>
		</testcase>
	</testsuite>
	<testsuite disabled="0" errors="0" failures="0" name="tmc_sdp.test_xtp-30127_abort_configuring" skipped="0" tests="1" time="0">
		<testcase name="tmc_sdp.test_xtp-30127_abort_configuring:0:0" classname="pylint" file="Low/tests/tmc_sdp/test_xtp-30127_abort_configuring.py">
			<system-out>All checks passed for: Low/tests/tmc_sdp/test_xtp-30127_abort_configuring.py</system-out>
		</testcase>
	</testsuite>
	<testsuite disabled="0" errors="0" failures="0" name="tmc_sdp.test_xtp-29291_release_resources_to_sdp_subarray" skipped="0" tests="1" time="0">
		<testcase name="tmc_sdp.test_xtp-29291_release_resources_to_sdp_subarray:0:0" classname="pylint" file="Low/tests/tmc_sdp/test_xtp-29291_release_resources_to_sdp_subarray.py">
			<system-out>All checks passed for: Low/tests/tmc_sdp/test_xtp-29291_release_resources_to_sdp_subarray.py</system-out>
		</testcase>
	</testsuite>
	<testsuite disabled="0" errors="0" failures="1" name="tmc_sdp.test_xtp-29292_assign_resources_to_sdp_subarray" skipped="0" tests="2" time="0">
		<testcase name="tmc_sdp.test_xtp-29292_assign_resources_to_sdp_subarray:14:0" classname="pylint" class="error" file="Low/tests/tmc_sdp/test_xtp-29292_assign_resources_to_sdp_subarray.py" line="14">
			<failure type="failure" message="import-error">E0401:Unable to import 'tests.resources.test_support.common_utils.tmc_helpers'
Low/tests/tmc_sdp/test_xtp-29292_assign_resources_to_sdp_subarray.py:14:0:from tests.resources.test_support.common_utils.tmc_helpers import (</failure>
			<system-out>Low/tests/tmc_sdp/test_xtp-29292_assign_resources_to_sdp_subarray.py:14:0:from tests.resources.test_support.common_utils.tmc_helpers import (</system-out>
			<system-err>E0401:Unable to import 'tests.resources.test_support.common_utils.tmc_helpers'
Low/tests/tmc_sdp/test_xtp-29292_assign_resources_to_sdp_subarray.py:14:0:from tests.resources.test_support.common_utils.tmc_helpers import (</system-err>
		</testcase>
		<testcase name="tmc_sdp.test_xtp-29292_assign_resources_to_sdp_subarray:0:0" classname="pylint" file="Low/tests/tmc_sdp/test_xtp-29292_assign_resources_to_sdp_subarray.py">
			<system-out>All checks passed for: Low/tests/tmc_sdp/test_xtp-29292_assign_resources_to_sdp_subarray.py</system-out>
		</testcase>
	</testsuite>
	<testsuite disabled="0" errors="0" failures="0" name="tmc_sdp.__init__" skipped="0" tests="1" time="0">
		<testcase name="tmc_sdp.__init__:0:0" classname="pylint" file="Low/tests/tmc_sdp/__init__.py">
			<system-out>All checks passed for: Low/tests/tmc_sdp/__init__.py</system-out>
		</testcase>
	</testsuite>
	<testsuite disabled="0" errors="0" failures="1" name="tmc_sdp.test_xtp-30129_abort_idle_ready" skipped="0" tests="2" time="0">
		<testcase name="tmc_sdp.test_xtp-30129_abort_idle_ready:13:0" classname="pylint" class="error" file="Low/tests/tmc_sdp/test_xtp-30129_abort_idle_ready.py" line="13">
			<failure type="failure" message="import-error">E0401:Unable to import 'tests.resources.test_support.common_utils.result_code'
Low/tests/tmc_sdp/test_xtp-30129_abort_idle_ready.py:13:0:from tests.resources.test_support.common_utils.result_code import ResultCode</failure>
			<system-out>Low/tests/tmc_sdp/test_xtp-30129_abort_idle_ready.py:13:0:from tests.resources.test_support.common_utils.result_code import ResultCode</system-out>
			<system-err>E0401:Unable to import 'tests.resources.test_support.common_utils.result_code'
Low/tests/tmc_sdp/test_xtp-30129_abort_idle_ready.py:13:0:from tests.resources.test_support.common_utils.result_code import ResultCode</system-err>
		</testcase>
		<testcase name="tmc_sdp.test_xtp-30129_abort_idle_ready:0:0" classname="pylint" file="Low/tests/tmc_sdp/test_xtp-30129_abort_idle_ready.py">
			<system-out>All checks passed for: Low/tests/tmc_sdp/test_xtp-30129_abort_idle_ready.py</system-out>
		</testcase>
	</testsuite>
	<testsuite disabled="0" errors="0" failures="0" name="tmc_sdp.test_xtp-29457_endscan_sdp" skipped="0" tests="1" time="0">
		<testcase name="tmc_sdp.test_xtp-29457_endscan_sdp:0:0" classname="pylint" file="Low/tests/tmc_sdp/test_xtp-29457_endscan_sdp.py">
			<system-out>All checks passed for: Low/tests/tmc_sdp/test_xtp-29457_endscan_sdp.py</system-out>
		</testcase>
	</testsuite>
	<testsuite disabled="0" errors="0" failures="0" name="tmc_sdp.test_xtp-29415_end" skipped="0" tests="1" time="0">
		<testcase name="tmc_sdp.test_xtp-29415_end:0:0" classname="pylint" file="Low/tests/tmc_sdp/test_xtp-29415_end.py">
			<system-out>All checks passed for: Low/tests/tmc_sdp/test_xtp-29415_end.py</system-out>
		</testcase>
	</testsuite>
	<testsuite disabled="0" errors="0" failures="1" name="tmc_sdp.test_xtp-29582_abort_resourcing" skipped="0" tests="2" time="0">
		<testcase name="tmc_sdp.test_xtp-29582_abort_resourcing:13:0" classname="pylint" class="error" file="Low/tests/tmc_sdp/test_xtp-29582_abort_resourcing.py" line="13">
			<failure type="failure" message="import-error">E0401:Unable to import 'tests.resources.test_harness.utils.enums'
Low/tests/tmc_sdp/test_xtp-29582_abort_resourcing.py:13:0:from tests.resources.test_harness.utils.enums import SimulatorDeviceType</failure>
			<system-out>Low/tests/tmc_sdp/test_xtp-29582_abort_resourcing.py:13:0:from tests.resources.test_harness.utils.enums import SimulatorDeviceType</system-out>
			<system-err>E0401:Unable to import 'tests.resources.test_harness.utils.enums'
Low/tests/tmc_sdp/test_xtp-29582_abort_resourcing.py:13:0:from tests.resources.test_harness.utils.enums import SimulatorDeviceType</system-err>
		</testcase>
		<testcase name="tmc_sdp.test_xtp-29582_abort_resourcing:0:0" classname="pylint" file="Low/tests/tmc_sdp/test_xtp-29582_abort_resourcing.py">
			<system-out>All checks passed for: Low/tests/tmc_sdp/test_xtp-29582_abort_resourcing.py</system-out>
		</testcase>
	</testsuite>
	<testsuite disabled="0" errors="0" failures="2" name="tmc_sdp.test_xtp-34895_sdp_health_state" skipped="0" tests="3" time="0">
		<testcase name="tmc_sdp.test_xtp-34895_sdp_health_state:9:0" classname="pylint" class="error" file="Low/tests/tmc_sdp/test_xtp-34895_sdp_health_state.py" line="9">
			<failure type="failure" message="import-error">E0401:Unable to import 'tests.resources.test_harness.central_node_low'
Low/tests/tmc_sdp/test_xtp-34895_sdp_health_state.py:9:0:from tests.resources.test_harness.central_node_low import CentralNodeWrapperLow</failure>
			<system-out>Low/tests/tmc_sdp/test_xtp-34895_sdp_health_state.py:9:0:from tests.resources.test_harness.central_node_low import CentralNodeWrapperLow</system-out>
			<system-err>E0401:Unable to import 'tests.resources.test_harness.central_node_low'
Low/tests/tmc_sdp/test_xtp-34895_sdp_health_state.py:9:0:from tests.resources.test_harness.central_node_low import CentralNodeWrapperLow</system-err>
		</testcase>
		<testcase name="tmc_sdp.test_xtp-34895_sdp_health_state:10:0" classname="pylint" class="error" file="Low/tests/tmc_sdp/test_xtp-34895_sdp_health_state.py" line="10">
			<failure type="failure" message="import-error">E0401:Unable to import 'tests.resources.test_harness.simulator_factory'
Low/tests/tmc_sdp/test_xtp-34895_sdp_health_state.py:10:0:from tests.resources.test_harness.simulator_factory import SimulatorFactory</failure>
			<system-out>Low/tests/tmc_sdp/test_xtp-34895_sdp_health_state.py:10:0:from tests.resources.test_harness.simulator_factory import SimulatorFactory</system-out>
			<system-err>E0401:Unable to import 'tests.resources.test_harness.simulator_factory'
Low/tests/tmc_sdp/test_xtp-34895_sdp_health_state.py:10:0:from tests.resources.test_harness.simulator_factory import SimulatorFactory</system-err>
		</testcase>
		<testcase name="tmc_sdp.test_xtp-34895_sdp_health_state:0:0" classname="pylint" file="Low/tests/tmc_sdp/test_xtp-34895_sdp_health_state.py">
			<system-out>All checks passed for: Low/tests/tmc_sdp/test_xtp-34895_sdp_health_state.py</system-out>
		</testcase>
	</testsuite>
	<testsuite disabled="0" errors="0" failures="2" name="tmc_sdp.test_xtp-39896_long_sequence_new_scanId" skipped="0" tests="3" time="0">
		<testcase name="tmc_sdp.test_xtp-39896_long_sequence_new_scanId:14:0" classname="pylint" class="error" file="Low/tests/tmc_sdp/test_xtp-39896_long_sequence_new_scanId.py" line="14">
			<failure type="failure" message="import-error">E0401:Unable to import 'tests.resources.test_harness.subarray_node_low'
Low/tests/tmc_sdp/test_xtp-39896_long_sequence_new_scanId.py:14:0:from tests.resources.test_harness.subarray_node_low import (</failure>
			<system-out>Low/tests/tmc_sdp/test_xtp-39896_long_sequence_new_scanId.py:14:0:from tests.resources.test_harness.subarray_node_low import (</system-out>
			<system-err>E0401:Unable to import 'tests.resources.test_harness.subarray_node_low'
Low/tests/tmc_sdp/test_xtp-39896_long_sequence_new_scanId.py:14:0:from tests.resources.test_harness.subarray_node_low import (</system-err>
		</testcase>
		<testcase name="tmc_sdp.test_xtp-39896_long_sequence_new_scanId:17:0" classname="pylint" class="error" file="Low/tests/tmc_sdp/test_xtp-39896_long_sequence_new_scanId.py" line="17">
			<failure type="failure" message="import-error">E0401:Unable to import 'tests.resources.test_harness.utils.common_utils'
Low/tests/tmc_sdp/test_xtp-39896_long_sequence_new_scanId.py:17:0:from tests.resources.test_harness.utils.common_utils import (</failure>
			<system-out>Low/tests/tmc_sdp/test_xtp-39896_long_sequence_new_scanId.py:17:0:from tests.resources.test_harness.utils.common_utils import (</system-out>
			<system-err>E0401:Unable to import 'tests.resources.test_harness.utils.common_utils'
Low/tests/tmc_sdp/test_xtp-39896_long_sequence_new_scanId.py:17:0:from tests.resources.test_harness.utils.common_utils import (</system-err>
		</testcase>
		<testcase name="tmc_sdp.test_xtp-39896_long_sequence_new_scanId:0:0" classname="pylint" file="Low/tests/tmc_sdp/test_xtp-39896_long_sequence_new_scanId.py">
			<system-out>All checks passed for: Low/tests/tmc_sdp/test_xtp-39896_long_sequence_new_scanId.py</system-out>
		</testcase>
	</testsuite>
	<testsuite disabled="0" errors="0" failures="0" name="tmc_sdp.test_xtp_34886_sdp_json_error_duplicate_id" skipped="0" tests="1" time="0">
		<testcase name="tmc_sdp.test_xtp_34886_sdp_json_error_duplicate_id:0:0" classname="pylint" file="Low/tests/tmc_sdp/test_xtp_34886_sdp_json_error_duplicate_id.py">
			<system-out>All checks passed for: Low/tests/tmc_sdp/test_xtp_34886_sdp_json_error_duplicate_id.py</system-out>
		</testcase>
	</testsuite>
	<testsuite disabled="0" errors="0" failures="0" name="tmc_sdp.test_xtp-30128_abort_scanning" skipped="0" tests="1" time="0">
		<testcase name="tmc_sdp.test_xtp-30128_abort_scanning:0:0" classname="pylint" file="Low/tests/tmc_sdp/test_xtp-30128_abort_scanning.py">
			<system-out>All checks passed for: Low/tests/tmc_sdp/test_xtp-30128_abort_scanning.py</system-out>
		</testcase>
	</testsuite>
	<testsuite disabled="0" errors="0" failures="0" name="tmc_sdp.test_xtp-39894_long_sequence_configure_scan" skipped="0" tests="1" time="0">
		<testcase name="tmc_sdp.test_xtp-39894_long_sequence_configure_scan:0:0" classname="pylint" file="Low/tests/tmc_sdp/test_xtp-39894_long_sequence_configure_scan.py">
			<system-out>All checks passed for: Low/tests/tmc_sdp/test_xtp-39894_long_sequence_configure_scan.py</system-out>
		</testcase>
	</testsuite>
	<testsuite disabled="0" errors="0" failures="2" name="tmc_sdp.test_xtp-39897_long_sequence_new_scantype" skipped="0" tests="3" time="0">
		<testcase name="tmc_sdp.test_xtp-39897_long_sequence_new_scantype:17:0" classname="pylint" class="error" file="Low/tests/tmc_sdp/test_xtp-39897_long_sequence_new_scantype.py" line="17">
			<failure type="failure" message="import-error">E0401:Unable to import 'tests.resources.test_harness.subarray_node_low'
Low/tests/tmc_sdp/test_xtp-39897_long_sequence_new_scantype.py:17:0:from tests.resources.test_harness.subarray_node_low import (</failure>
			<system-out>Low/tests/tmc_sdp/test_xtp-39897_long_sequence_new_scantype.py:17:0:from tests.resources.test_harness.subarray_node_low import (</system-out>
			<system-err>E0401:Unable to import 'tests.resources.test_harness.subarray_node_low'
Low/tests/tmc_sdp/test_xtp-39897_long_sequence_new_scantype.py:17:0:from tests.resources.test_harness.subarray_node_low import (</system-err>
		</testcase>
		<testcase name="tmc_sdp.test_xtp-39897_long_sequence_new_scantype:20:0" classname="pylint" class="error" file="Low/tests/tmc_sdp/test_xtp-39897_long_sequence_new_scantype.py" line="20">
			<failure type="failure" message="import-error">E0401:Unable to import 'tests.resources.test_harness.utils.common_utils'
Low/tests/tmc_sdp/test_xtp-39897_long_sequence_new_scantype.py:20:0:from tests.resources.test_harness.utils.common_utils import JsonFactory</failure>
			<system-out>Low/tests/tmc_sdp/test_xtp-39897_long_sequence_new_scantype.py:20:0:from tests.resources.test_harness.utils.common_utils import JsonFactory</system-out>
			<system-err>E0401:Unable to import 'tests.resources.test_harness.utils.common_utils'
Low/tests/tmc_sdp/test_xtp-39897_long_sequence_new_scantype.py:20:0:from tests.resources.test_harness.utils.common_utils import JsonFactory</system-err>
		</testcase>
		<testcase name="tmc_sdp.test_xtp-39897_long_sequence_new_scantype:0:0" classname="pylint" file="Low/tests/tmc_sdp/test_xtp-39897_long_sequence_new_scantype.py">
			<system-out>All checks passed for: Low/tests/tmc_sdp/test_xtp-39897_long_sequence_new_scantype.py</system-out>
		</testcase>
	</testsuite>
	<testsuite disabled="0" errors="0" failures="0" name="tmc_sdp.test_xtp-29456_scan_sdp" skipped="0" tests="1" time="0">
		<testcase name="tmc_sdp.test_xtp-29456_scan_sdp:0:0" classname="pylint" file="Low/tests/tmc_sdp/test_xtp-29456_scan_sdp.py">
			<system-out>All checks passed for: Low/tests/tmc_sdp/test_xtp-29456_scan_sdp.py</system-out>
		</testcase>
	</testsuite>
	<testsuite disabled="0" errors="0" failures="0" name="tmc_sdp.test_xtp-29336_configure" skipped="0" tests="1" time="0">
		<testcase name="tmc_sdp.test_xtp-29336_configure:0:0" classname="pylint" file="Low/tests/tmc_sdp/test_xtp-29336_configure.py">
			<system-out>All checks passed for: Low/tests/tmc_sdp/test_xtp-29336_configure.py</system-out>
		</testcase>
	</testsuite>
	<testsuite disabled="0" errors="0" failures="0" name="tmc_sdp.test_xtp-29234_standby_sdp" skipped="0" tests="1" time="0">
		<testcase name="tmc_sdp.test_xtp-29234_standby_sdp:0:0" classname="pylint" file="Low/tests/tmc_sdp/test_xtp-29234_standby_sdp.py">
			<system-out>All checks passed for: Low/tests/tmc_sdp/test_xtp-29234_standby_sdp.py</system-out>
		</testcase>
	</testsuite>
	<testsuite disabled="0" errors="0" failures="5" name="tmc_sdp.conftest" skipped="0" tests="6" time="0">
		<testcase name="tmc_sdp.conftest:9:0" classname="pylint" class="error" file="Low/tests/tmc_sdp/conftest.py" line="9">
			<failure type="failure" message="import-error">E0401:Unable to import 'tests.resources.test_harness.central_node_low'
Low/tests/tmc_sdp/conftest.py:9:0:from tests.resources.test_harness.central_node_low import CentralNodeWrapperLow</failure>
			<system-out>Low/tests/tmc_sdp/conftest.py:9:0:from tests.resources.test_harness.central_node_low import CentralNodeWrapperLow</system-out>
			<system-err>E0401:Unable to import 'tests.resources.test_harness.central_node_low'
Low/tests/tmc_sdp/conftest.py:9:0:from tests.resources.test_harness.central_node_low import CentralNodeWrapperLow</system-err>
		</testcase>
		<testcase name="tmc_sdp.conftest:10:0" classname="pylint" class="error" file="Low/tests/tmc_sdp/conftest.py" line="10">
			<failure type="failure" message="import-error">E0401:Unable to import 'tests.resources.test_harness.event_recorder'
Low/tests/tmc_sdp/conftest.py:10:0:from tests.resources.test_harness.event_recorder import EventRecorder</failure>
			<system-out>Low/tests/tmc_sdp/conftest.py:10:0:from tests.resources.test_harness.event_recorder import EventRecorder</system-out>
			<system-err>E0401:Unable to import 'tests.resources.test_harness.event_recorder'
Low/tests/tmc_sdp/conftest.py:10:0:from tests.resources.test_harness.event_recorder import EventRecorder</system-err>
		</testcase>
		<testcase name="tmc_sdp.conftest:11:0" classname="pylint" class="error" file="Low/tests/tmc_sdp/conftest.py" line="11">
			<failure type="failure" message="import-error">E0401:Unable to import 'tests.resources.test_harness.helpers'
Low/tests/tmc_sdp/conftest.py:11:0:from tests.resources.test_harness.helpers import (</failure>
			<system-out>Low/tests/tmc_sdp/conftest.py:11:0:from tests.resources.test_harness.helpers import (</system-out>
			<system-err>E0401:Unable to import 'tests.resources.test_harness.helpers'
Low/tests/tmc_sdp/conftest.py:11:0:from tests.resources.test_harness.helpers import (</system-err>
		</testcase>
		<testcase name="tmc_sdp.conftest:19:0" classname="pylint" class="error" file="Low/tests/tmc_sdp/conftest.py" line="19">
			<failure type="failure" message="import-error">E0401:Unable to import 'tests.resources.test_harness.subarray_node_low'
Low/tests/tmc_sdp/conftest.py:19:0:from tests.resources.test_harness.subarray_node_low import (</failure>
			<system-out>Low/tests/tmc_sdp/conftest.py:19:0:from tests.resources.test_harness.subarray_node_low import (</system-out>
			<system-err>E0401:Unable to import 'tests.resources.test_harness.subarray_node_low'
Low/tests/tmc_sdp/conftest.py:19:0:from tests.resources.test_harness.subarray_node_low import (</system-err>
		</testcase>
		<testcase name="tmc_sdp.conftest:22:0" classname="pylint" class="error" file="Low/tests/tmc_sdp/conftest.py" line="22">
			<failure type="failure" message="import-error">E0401:Unable to import 'tests.resources.test_harness.utils.common_utils'
Low/tests/tmc_sdp/conftest.py:22:0:from tests.resources.test_harness.utils.common_utils import (</failure>
			<system-out>Low/tests/tmc_sdp/conftest.py:22:0:from tests.resources.test_harness.utils.common_utils import (</system-out>
			<system-err>E0401:Unable to import 'tests.resources.test_harness.utils.common_utils'
Low/tests/tmc_sdp/conftest.py:22:0:from tests.resources.test_harness.utils.common_utils import (</system-err>
		</testcase>
		<testcase name="tmc_sdp.conftest:0:0" classname="pylint" file="Low/tests/tmc_sdp/conftest.py">
			<system-out>All checks passed for: Low/tests/tmc_sdp/conftest.py</system-out>
		</testcase>
	</testsuite>
	<testsuite disabled="0" errors="0" failures="0" name="tmc_sdp.test_xtp-29229_shutdown_sdp" skipped="0" tests="1" time="0">
		<testcase name="tmc_sdp.test_xtp-29229_shutdown_sdp:0:0" classname="pylint" file="Low/tests/tmc_sdp/test_xtp-29229_shutdown_sdp.py">
			<system-out>All checks passed for: Low/tests/tmc_sdp/test_xtp-29229_shutdown_sdp.py</system-out>
		</testcase>
	</testsuite>
	<testsuite disabled="0" errors="0" failures="1" name="tmc_sdp.test_xtp-29593_abort_restart" skipped="0" tests="2" time="0">
		<testcase name="tmc_sdp.test_xtp-29593_abort_restart:12:0" classname="pylint" class="error" file="Low/tests/tmc_sdp/test_xtp-29593_abort_restart.py" line="12">
			<failure type="failure" message="import-error">E0401:Unable to import 'tests.resources.test_support.common_utils.result_code'
Low/tests/tmc_sdp/test_xtp-29593_abort_restart.py:12:0:from tests.resources.test_support.common_utils.result_code import ResultCode</failure>
			<system-out>Low/tests/tmc_sdp/test_xtp-29593_abort_restart.py:12:0:from tests.resources.test_support.common_utils.result_code import ResultCode</system-out>
			<system-err>E0401:Unable to import 'tests.resources.test_support.common_utils.result_code'
Low/tests/tmc_sdp/test_xtp-29593_abort_restart.py:12:0:from tests.resources.test_support.common_utils.result_code import ResultCode</system-err>
		</testcase>
		<testcase name="tmc_sdp.test_xtp-29593_abort_restart:0:0" classname="pylint" file="Low/tests/tmc_sdp/test_xtp-29593_abort_restart.py">
			<system-out>All checks passed for: Low/tests/tmc_sdp/test_xtp-29593_abort_restart.py</system-out>
		</testcase>
	</testsuite>
	<testsuite disabled="0" errors="0" failures="0" name="resources.__init__" skipped="0" tests="1" time="0">
		<testcase name="resources.__init__:0:0" classname="pylint" file="Low/tests/resources/__init__.py">
			<system-out>All checks passed for: Low/tests/resources/__init__.py</system-out>
		</testcase>
	</testsuite>
	<testsuite disabled="0" errors="0" failures="0" name="resources.test_support.__init__" skipped="0" tests="1" time="0">
		<testcase name="resources.test_support.__init__:0:0" classname="pylint" file="Low/tests/resources/test_support/__init__.py">
			<system-out>All checks passed for: Low/tests/resources/test_support/__init__.py</system-out>
		</testcase>
	</testsuite>
	<testsuite disabled="0" errors="0" failures="1" name="resources.test_support.constant_low" skipped="0" tests="2" time="0">
		<testcase name="resources.test_support.constant_low:3:0" classname="pylint" class="error" file="Low/tests/resources/test_support/constant_low.py" line="3">
			<failure type="failure" message="import-error">E0401:Unable to import 'tests.resources.test_support.common_utils.result_code'
Low/tests/resources/test_support/constant_low.py:3:0:from tests.resources.test_support.common_utils.result_code import FaultType</failure>
			<system-out>Low/tests/resources/test_support/constant_low.py:3:0:from tests.resources.test_support.common_utils.result_code import FaultType</system-out>
			<system-err>E0401:Unable to import 'tests.resources.test_support.common_utils.result_code'
Low/tests/resources/test_support/constant_low.py:3:0:from tests.resources.test_support.common_utils.result_code import FaultType</system-err>
		</testcase>
		<testcase name="resources.test_support.constant_low:0:0" classname="pylint" file="Low/tests/resources/test_support/constant_low.py">
			<system-out>All checks passed for: Low/tests/resources/test_support/constant_low.py</system-out>
		</testcase>
	</testsuite>
	<testsuite disabled="0" errors="0" failures="1" name="resources.test_support.common_utils.telescope_controls" skipped="0" tests="2" time="0">
		<testcase name="resources.test_support.common_utils.telescope_controls:5:0" classname="pylint" class="error" file="Low/tests/resources/test_support/common_utils/telescope_controls.py" line="5">
			<failure type="failure" message="import-error">E0401:Unable to import 'tests.resources.test_support.common_utils.common_helpers'
Low/tests/resources/test_support/common_utils/telescope_controls.py:5:0:from tests.resources.test_support.common_utils.common_helpers import Resource</failure>
			<system-out>Low/tests/resources/test_support/common_utils/telescope_controls.py:5:0:from tests.resources.test_support.common_utils.common_helpers import Resource</system-out>
			<system-err>E0401:Unable to import 'tests.resources.test_support.common_utils.common_helpers'
Low/tests/resources/test_support/common_utils/telescope_controls.py:5:0:from tests.resources.test_support.common_utils.common_helpers import Resource</system-err>
		</testcase>
		<testcase name="resources.test_support.common_utils.telescope_controls:0:0" classname="pylint" file="Low/tests/resources/test_support/common_utils/telescope_controls.py">
			<system-out>All checks passed for: Low/tests/resources/test_support/common_utils/telescope_controls.py</system-out>
		</testcase>
	</testsuite>
	<testsuite disabled="0" errors="0" failures="0" name="resources.test_support.common_utils.__init__" skipped="0" tests="1" time="0">
		<testcase name="resources.test_support.common_utils.__init__:0:0" classname="pylint" file="Low/tests/resources/test_support/common_utils/__init__.py">
			<system-out>All checks passed for: Low/tests/resources/test_support/common_utils/__init__.py</system-out>
		</testcase>
	</testsuite>
	<testsuite disabled="0" errors="0" failures="0" name="resources.test_support.common_utils.result_code" skipped="0" tests="1" time="0">
		<testcase name="resources.test_support.common_utils.result_code:0:0" classname="pylint" file="Low/tests/resources/test_support/common_utils/result_code.py">
			<system-out>All checks passed for: Low/tests/resources/test_support/common_utils/result_code.py</system-out>
		</testcase>
	</testsuite>
	<testsuite disabled="0" errors="0" failures="2" name="resources.test_support.common_utils.sync_decorators" skipped="0" tests="3" time="0">
		<testcase name="resources.test_support.common_utils.sync_decorators:7:0" classname="pylint" class="error" file="Low/tests/resources/test_support/common_utils/sync_decorators.py" line="7">
			<failure type="failure" message="import-error">E0401:Unable to import 'tests.resources.test_support.common_utils.base_utils'
Low/tests/resources/test_support/common_utils/sync_decorators.py:7:0:from tests.resources.test_support.common_utils.base_utils import DeviceUtils</failure>
			<system-out>Low/tests/resources/test_support/common_utils/sync_decorators.py:7:0:from tests.resources.test_support.common_utils.base_utils import DeviceUtils</system-out>
			<system-err>E0401:Unable to import 'tests.resources.test_support.common_utils.base_utils'
Low/tests/resources/test_support/common_utils/sync_decorators.py:7:0:from tests.resources.test_support.common_utils.base_utils import DeviceUtils</system-err>
		</testcase>
		<testcase name="resources.test_support.common_utils.sync_decorators:8:0" classname="pylint" class="error" file="Low/tests/resources/test_support/common_utils/sync_decorators.py" line="8">
			<failure type="failure" message="import-error">E0401:Unable to import 'tests.resources.test_support.common_utils.common_helpers'
Low/tests/resources/test_support/common_utils/sync_decorators.py:8:0:from tests.resources.test_support.common_utils.common_helpers import (</failure>
			<system-out>Low/tests/resources/test_support/common_utils/sync_decorators.py:8:0:from tests.resources.test_support.common_utils.common_helpers import (</system-out>
			<system-err>E0401:Unable to import 'tests.resources.test_support.common_utils.common_helpers'
Low/tests/resources/test_support/common_utils/sync_decorators.py:8:0:from tests.resources.test_support.common_utils.common_helpers import (</system-err>
		</testcase>
		<testcase name="resources.test_support.common_utils.sync_decorators:0:0" classname="pylint" file="Low/tests/resources/test_support/common_utils/sync_decorators.py">
			<system-out>All checks passed for: Low/tests/resources/test_support/common_utils/sync_decorators.py</system-out>
		</testcase>
	</testsuite>
	<testsuite disabled="0" errors="0" failures="11" name="resources.test_support.common_utils.tmc_helpers" skipped="0" tests="12" time="0">
		<testcase name="resources.test_support.common_utils.tmc_helpers:12:0" classname="pylint" class="error" file="Low/tests/resources/test_support/common_utils/tmc_helpers.py" line="12">
			<failure type="failure" message="import-error">E0401:Unable to import 'tests.resources.test_harness.utils.common_utils'
Low/tests/resources/test_support/common_utils/tmc_helpers.py:12:0:from tests.resources.test_harness.utils.common_utils import JsonFactory</failure>
			<system-out>Low/tests/resources/test_support/common_utils/tmc_helpers.py:12:0:from tests.resources.test_harness.utils.common_utils import JsonFactory</system-out>
			<system-err>E0401:Unable to import 'tests.resources.test_harness.utils.common_utils'
Low/tests/resources/test_support/common_utils/tmc_helpers.py:12:0:from tests.resources.test_harness.utils.common_utils import JsonFactory</system-err>
		</testcase>
		<testcase name="resources.test_support.common_utils.tmc_helpers:13:0" classname="pylint" class="error" file="Low/tests/resources/test_support/common_utils/tmc_helpers.py" line="13">
			<failure type="failure" message="import-error">E0401:Unable to import 'tests.resources.test_support.common_utils.common_helpers'
Low/tests/resources/test_support/common_utils/tmc_helpers.py:13:0:from tests.resources.test_support.common_utils.common_helpers import Resource</failure>
			<system-out>Low/tests/resources/test_support/common_utils/tmc_helpers.py:13:0:from tests.resources.test_support.common_utils.common_helpers import Resource</system-out>
			<system-err>E0401:Unable to import 'tests.resources.test_support.common_utils.common_helpers'
Low/tests/resources/test_support/common_utils/tmc_helpers.py:13:0:from tests.resources.test_support.common_utils.common_helpers import Resource</system-err>
		</testcase>
		<testcase name="resources.test_support.common_utils.tmc_helpers:14:0" classname="pylint" class="error" file="Low/tests/resources/test_support/common_utils/tmc_helpers.py" line="14">
			<failure type="failure" message="import-error">E0401:Unable to import 'tests.resources.test_support.common_utils.sync_decorators'
Low/tests/resources/test_support/common_utils/tmc_helpers.py:14:0:from tests.resources.test_support.common_utils.sync_decorators import (</failure>
			<system-out>Low/tests/resources/test_support/common_utils/tmc_helpers.py:14:0:from tests.resources.test_support.common_utils.sync_decorators import (</system-out>
			<system-err>E0401:Unable to import 'tests.resources.test_support.common_utils.sync_decorators'
Low/tests/resources/test_support/common_utils/tmc_helpers.py:14:0:from tests.resources.test_support.common_utils.sync_decorators import (</system-err>
		</testcase>
		<testcase name="resources.test_support.common_utils.tmc_helpers:30:0" classname="pylint" class="error" file="Low/tests/resources/test_support/common_utils/tmc_helpers.py" line="30">
			<failure type="failure" message="import-error">E0401:Unable to import 'tests.resources.test_support.common_utils.telescope_controls'
Low/tests/resources/test_support/common_utils/tmc_helpers.py:30:0:from tests.resources.test_support.common_utils.telescope_controls import (</failure>
			<system-out>Low/tests/resources/test_support/common_utils/tmc_helpers.py:30:0:from tests.resources.test_support.common_utils.telescope_controls import (</system-out>
			<system-err>E0401:Unable to import 'tests.resources.test_support.common_utils.telescope_controls'
Low/tests/resources/test_support/common_utils/tmc_helpers.py:30:0:from tests.resources.test_support.common_utils.telescope_controls import (</system-err>
		</testcase>
		<testcase name="resources.test_support.common_utils.tmc_helpers:33:0" classname="pylint" class="error" file="Low/tests/resources/test_support/common_utils/tmc_helpers.py" line="33">
			<failure type="failure" message="import-error">E0401:Unable to import 'tests.resources.test_support.constant_low'
Low/tests/resources/test_support/common_utils/tmc_helpers.py:33:0:from tests.resources.test_support.constant_low import (</failure>
			<system-out>Low/tests/resources/test_support/common_utils/tmc_helpers.py:33:0:from tests.resources.test_support.constant_low import (</system-out>
			<system-err>E0401:Unable to import 'tests.resources.test_support.constant_low'
Low/tests/resources/test_support/common_utils/tmc_helpers.py:33:0:from tests.resources.test_support.constant_low import (</system-err>
		</testcase>
		<testcase name="resources.test_support.common_utils.tmc_helpers:36:0" classname="pylint" class="error" file="Low/tests/resources/test_support/common_utils/tmc_helpers.py" line="36">
			<failure type="failure" message="import-error">E0401:Unable to import 'tests.resources.test_support.constant_low'
Low/tests/resources/test_support/common_utils/tmc_helpers.py:36:0:from tests.resources.test_support.constant_low import (</failure>
			<system-out>Low/tests/resources/test_support/common_utils/tmc_helpers.py:36:0:from tests.resources.test_support.constant_low import (</system-out>
			<system-err>E0401:Unable to import 'tests.resources.test_support.constant_low'
Low/tests/resources/test_support/common_utils/tmc_helpers.py:36:0:from tests.resources.test_support.constant_low import (</system-err>
		</testcase>
		<testcase name="resources.test_support.common_utils.tmc_helpers:39:0" classname="pylint" class="error" file="Low/tests/resources/test_support/common_utils/tmc_helpers.py" line="39">
			<failure type="failure" message="import-error">E0401:Unable to import 'tests.resources.test_support.constant_low'
Low/tests/resources/test_support/common_utils/tmc_helpers.py:39:0:from tests.resources.test_support.constant_low import (</failure>
			<system-out>Low/tests/resources/test_support/common_utils/tmc_helpers.py:39:0:from tests.resources.test_support.constant_low import (</system-out>
			<system-err>E0401:Unable to import 'tests.resources.test_support.constant_low'
Low/tests/resources/test_support/common_utils/tmc_helpers.py:39:0:from tests.resources.test_support.constant_low import (</system-err>
		</testcase>
		<testcase name="resources.test_support.common_utils.tmc_helpers:42:0" classname="pylint" class="error" file="Low/tests/resources/test_support/common_utils/tmc_helpers.py" line="42">
			<failure type="failure" message="import-error">E0401:Unable to import 'tests.resources.test_support.constant_low'
Low/tests/resources/test_support/common_utils/tmc_helpers.py:42:0:from tests.resources.test_support.constant_low import (</failure>
			<system-out>Low/tests/resources/test_support/common_utils/tmc_helpers.py:42:0:from tests.resources.test_support.constant_low import (</system-out>
			<system-err>E0401:Unable to import 'tests.resources.test_support.constant_low'
Low/tests/resources/test_support/common_utils/tmc_helpers.py:42:0:from tests.resources.test_support.constant_low import (</system-err>
		</testcase>
		<testcase name="resources.test_support.common_utils.tmc_helpers:45:0" classname="pylint" class="error" file="Low/tests/resources/test_support/common_utils/tmc_helpers.py" line="45">
			<failure type="failure" message="import-error">E0401:Unable to import 'tests.resources.test_support.constant_low'
Low/tests/resources/test_support/common_utils/tmc_helpers.py:45:0:from tests.resources.test_support.constant_low import (</failure>
			<system-out>Low/tests/resources/test_support/common_utils/tmc_helpers.py:45:0:from tests.resources.test_support.constant_low import (</system-out>
			<system-err>E0401:Unable to import 'tests.resources.test_support.constant_low'
Low/tests/resources/test_support/common_utils/tmc_helpers.py:45:0:from tests.resources.test_support.constant_low import (</system-err>
		</testcase>
		<testcase name="resources.test_support.common_utils.tmc_helpers:49:0" classname="pylint" class="error" file="Low/tests/resources/test_support/common_utils/tmc_helpers.py" line="49">
			<failure type="failure" message="import-error">E0401:Unable to import 'tests.resources.test_support.constant_low'
Low/tests/resources/test_support/common_utils/tmc_helpers.py:49:0:from tests.resources.test_support.constant_low import (</failure>
			<system-out>Low/tests/resources/test_support/common_utils/tmc_helpers.py:49:0:from tests.resources.test_support.constant_low import (</system-out>
			<system-err>E0401:Unable to import 'tests.resources.test_support.constant_low'
Low/tests/resources/test_support/common_utils/tmc_helpers.py:49:0:from tests.resources.test_support.constant_low import (</system-err>
		</testcase>
		<testcase name="resources.test_support.common_utils.tmc_helpers:52:0" classname="pylint" class="error" file="Low/tests/resources/test_support/common_utils/tmc_helpers.py" line="52">
			<failure type="failure" message="import-error">E0401:Unable to import 'tests.resources.test_support.constant_low'
Low/tests/resources/test_support/common_utils/tmc_helpers.py:52:0:from tests.resources.test_support.constant_low import (</failure>
			<system-out>Low/tests/resources/test_support/common_utils/tmc_helpers.py:52:0:from tests.resources.test_support.constant_low import (</system-out>
			<system-err>E0401:Unable to import 'tests.resources.test_support.constant_low'
Low/tests/resources/test_support/common_utils/tmc_helpers.py:52:0:from tests.resources.test_support.constant_low import (</system-err>
		</testcase>
		<testcase name="resources.test_support.common_utils.tmc_helpers:0:0" classname="pylint" file="Low/tests/resources/test_support/common_utils/tmc_helpers.py">
			<system-out>All checks passed for: Low/tests/resources/test_support/common_utils/tmc_helpers.py</system-out>
		</testcase>
	</testsuite>
	<testsuite disabled="0" errors="0" failures="0" name="resources.test_support.common_utils.common_helpers" skipped="0" tests="1" time="0">
		<testcase name="resources.test_support.common_utils.common_helpers:0:0" classname="pylint" file="Low/tests/resources/test_support/common_utils/common_helpers.py">
			<system-out>All checks passed for: Low/tests/resources/test_support/common_utils/common_helpers.py</system-out>
		</testcase>
	</testsuite>
	<testsuite disabled="0" errors="0" failures="1" name="resources.test_support.common_utils.base_utils" skipped="0" tests="2" time="0">
		<testcase name="resources.test_support.common_utils.base_utils:4:0" classname="pylint" class="error" file="Low/tests/resources/test_support/common_utils/base_utils.py" line="4">
			<failure type="failure" message="import-error">E0401:Unable to import 'tests.resources.test_support.common_utils.common_helpers'
Low/tests/resources/test_support/common_utils/base_utils.py:4:0:from tests.resources.test_support.common_utils.common_helpers import Resource</failure>
			<system-out>Low/tests/resources/test_support/common_utils/base_utils.py:4:0:from tests.resources.test_support.common_utils.common_helpers import Resource</system-out>
			<system-err>E0401:Unable to import 'tests.resources.test_support.common_utils.common_helpers'
Low/tests/resources/test_support/common_utils/base_utils.py:4:0:from tests.resources.test_support.common_utils.common_helpers import Resource</system-err>
		</testcase>
		<testcase name="resources.test_support.common_utils.base_utils:0:0" classname="pylint" file="Low/tests/resources/test_support/common_utils/base_utils.py">
			<system-out>All checks passed for: Low/tests/resources/test_support/common_utils/base_utils.py</system-out>
		</testcase>
	</testsuite>
	<testsuite disabled="0" errors="0" failures="13" name="resources.test_harness.helpers" skipped="0" tests="14" time="0">
		<testcase name="resources.test_harness.helpers:1:0" classname="pylint" class="convention" file="Low/tests/resources/test_harness/helpers.py" line="1">
			<failure type="failure" message="missing-module-docstring">C0114:Missing module docstring
Low/tests/resources/test_harness/helpers.py:1:0:import json</failure>
			<system-out>Low/tests/resources/test_harness/helpers.py:1:0:import json</system-out>
			<system-err>C0114:Missing module docstring
Low/tests/resources/test_harness/helpers.py:1:0:import json</system-err>
		</testcase>
		<testcase name="resources.test_harness.helpers:16:0" classname="pylint" class="error" file="Low/tests/resources/test_harness/helpers.py" line="16">
			<failure type="failure" message="import-error">E0401:Unable to import 'tests.resources.test_harness.constant'
Low/tests/resources/test_harness/helpers.py:16:0:from tests.resources.test_harness.constant import (</failure>
			<system-out>Low/tests/resources/test_harness/helpers.py:16:0:from tests.resources.test_harness.constant import (</system-out>
			<system-err>E0401:Unable to import 'tests.resources.test_harness.constant'
Low/tests/resources/test_harness/helpers.py:16:0:from tests.resources.test_harness.constant import (</system-err>
		</testcase>
		<testcase name="resources.test_harness.helpers:30:0" classname="pylint" class="error" file="Low/tests/resources/test_harness/helpers.py" line="30">
			<failure type="failure" message="import-error">E0401:Unable to import 'tests.resources.test_harness.event_recorder'
Low/tests/resources/test_harness/helpers.py:30:0:from tests.resources.test_harness.event_recorder import EventRecorder</failure>
			<system-out>Low/tests/resources/test_harness/helpers.py:30:0:from tests.resources.test_harness.event_recorder import EventRecorder</system-out>
			<system-err>E0401:Unable to import 'tests.resources.test_harness.event_recorder'
Low/tests/resources/test_harness/helpers.py:30:0:from tests.resources.test_harness.event_recorder import EventRecorder</system-err>
		</testcase>
		<testcase name="resources.test_harness.helpers:31:0" classname="pylint" class="error" file="Low/tests/resources/test_harness/helpers.py" line="31">
			<failure type="failure" message="import-error">E0401:Unable to import 'tests.resources.test_harness.utils.common_utils'
Low/tests/resources/test_harness/helpers.py:31:0:from tests.resources.test_harness.utils.common_utils import JsonFactory</failure>
			<system-out>Low/tests/resources/test_harness/helpers.py:31:0:from tests.resources.test_harness.utils.common_utils import JsonFactory</system-out>
			<system-err>E0401:Unable to import 'tests.resources.test_harness.utils.common_utils'
Low/tests/resources/test_harness/helpers.py:31:0:from tests.resources.test_harness.utils.common_utils import JsonFactory</system-err>
		</testcase>
		<testcase name="resources.test_harness.helpers:32:0" classname="pylint" class="error" file="Low/tests/resources/test_harness/helpers.py" line="32">
			<failure type="failure" message="import-error">E0401:Unable to import 'tests.resources.test_harness.utils.enums'
Low/tests/resources/test_harness/helpers.py:32:0:from tests.resources.test_harness.utils.enums import SimulatorDeviceType</failure>
			<system-out>Low/tests/resources/test_harness/helpers.py:32:0:from tests.resources.test_harness.utils.enums import SimulatorDeviceType</system-out>
			<system-err>E0401:Unable to import 'tests.resources.test_harness.utils.enums'
Low/tests/resources/test_harness/helpers.py:32:0:from tests.resources.test_harness.utils.enums import SimulatorDeviceType</system-err>
		</testcase>
		<testcase name="resources.test_harness.helpers:33:0" classname="pylint" class="error" file="Low/tests/resources/test_harness/helpers.py" line="33">
			<failure type="failure" message="import-error">E0401:Unable to import 'tests.resources.test_harness.utils.wait_helpers'
Low/tests/resources/test_harness/helpers.py:33:0:from tests.resources.test_harness.utils.wait_helpers import Waiter, watch</failure>
			<system-out>Low/tests/resources/test_harness/helpers.py:33:0:from tests.resources.test_harness.utils.wait_helpers import Waiter, watch</system-out>
			<system-err>E0401:Unable to import 'tests.resources.test_harness.utils.wait_helpers'
Low/tests/resources/test_harness/helpers.py:33:0:from tests.resources.test_harness.utils.wait_helpers import Waiter, watch</system-err>
		</testcase>
		<testcase name="resources.test_harness.helpers:34:0" classname="pylint" class="error" file="Low/tests/resources/test_harness/helpers.py" line="34">
			<failure type="failure" message="import-error">E0401:Unable to import 'tests.resources.test_support.common_utils.common_helpers'
Low/tests/resources/test_harness/helpers.py:34:0:from tests.resources.test_support.common_utils.common_helpers import Resource</failure>
			<system-out>Low/tests/resources/test_harness/helpers.py:34:0:from tests.resources.test_support.common_utils.common_helpers import Resource</system-out>
			<system-err>E0401:Unable to import 'tests.resources.test_support.common_utils.common_helpers'
Low/tests/resources/test_harness/helpers.py:34:0:from tests.resources.test_support.common_utils.common_helpers import Resource</system-err>
		</testcase>
		<testcase name="resources.test_harness.helpers:91:0" classname="pylint" class="convention" file="Low/tests/resources/test_harness/helpers.py" line="91">
			<failure type="failure" message="missing-function-docstring">C0116:Missing function or method docstring
Low/tests/resources/test_harness/helpers.py:91:0:def check_subarray_obs_state(obs_state=None, timeout=50):</failure>
			<system-out>Low/tests/resources/test_harness/helpers.py:91:0:def check_subarray_obs_state(obs_state=None, timeout=50):</system-out>
			<system-err>C0116:Missing function or method docstring
Low/tests/resources/test_harness/helpers.py:91:0:def check_subarray_obs_state(obs_state=None, timeout=50):</system-err>
		</testcase>
		<testcase name="resources.test_harness.helpers:433:12" classname="pylint" class="refactor" file="Low/tests/resources/test_harness/helpers.py" line="433">
			<failure type="failure" message="no-else-return">R1705:Unnecessary &quot;elif&quot; after &quot;return&quot;, remove the leading &quot;el&quot; from &quot;elif&quot;
Low/tests/resources/test_harness/helpers.py:433:12:if is_json and json.loads(attribute_value) == json.loads(</failure>
			<system-out>Low/tests/resources/test_harness/helpers.py:433:12:if is_json and json.loads(attribute_value) == json.loads(</system-out>
			<system-err>R1705:Unnecessary &quot;elif&quot; after &quot;return&quot;, remove the leading &quot;el&quot; from &quot;elif&quot;
Low/tests/resources/test_harness/helpers.py:433:12:if is_json and json.loads(attribute_value) == json.loads(</system-err>
		</testcase>
		<testcase name="resources.test_harness.helpers:594:4" classname="pylint" class="refactor" file="Low/tests/resources/test_harness/helpers.py" line="594">
			<failure type="failure" message="no-else-return">R1705:Unnecessary &quot;elif&quot; after &quot;return&quot;, remove the leading &quot;el&quot; from &quot;elif&quot;
Low/tests/resources/test_harness/helpers.py:594:4:if json_id == &quot;eb_id&quot;:</failure>
			<system-out>Low/tests/resources/test_harness/helpers.py:594:4:if json_id == &quot;eb_id&quot;:</system-out>
			<system-err>R1705:Unnecessary &quot;elif&quot; after &quot;return&quot;, remove the leading &quot;el&quot; from &quot;elif&quot;
Low/tests/resources/test_harness/helpers.py:594:4:if json_id == &quot;eb_id&quot;:</system-err>
		</testcase>
		<testcase name="resources.test_harness.helpers:588:0" classname="pylint" class="refactor" file="Low/tests/resources/test_harness/helpers.py" line="588">
			<failure type="failure" message="inconsistent-return-statements">R1710:Either all return statements in a function should return an expression, or none of them should.
Low/tests/resources/test_harness/helpers.py:588:0:def get_assign_json_id(input_json: str, json_id: str = &quot;&quot;) -&gt; list[str]:</failure>
			<system-out>Low/tests/resources/test_harness/helpers.py:588:0:def get_assign_json_id(input_json: str, json_id: str = &quot;&quot;) -&gt; list[str]:</system-out>
			<system-err>R1710:Either all return statements in a function should return an expression, or none of them should.
Low/tests/resources/test_harness/helpers.py:588:0:def get_assign_json_id(input_json: str, json_id: str = &quot;&quot;) -&gt; list[str]:</system-err>
		</testcase>
		<testcase name="resources.test_harness.helpers:643:4" classname="pylint" class="refactor" file="Low/tests/resources/test_harness/helpers.py" line="643">
			<failure type="failure" message="too-many-nested-blocks">R1702:Too many nested blocks (6/5)
Low/tests/resources/test_harness/helpers.py:643:4:if MCCS_SIMULATION_ENABLED.lower() == &quot;false&quot;:</failure>
			<system-out>Low/tests/resources/test_harness/helpers.py:643:4:if MCCS_SIMULATION_ENABLED.lower() == &quot;false&quot;:</system-out>
			<system-err>R1702:Too many nested blocks (6/5)
Low/tests/resources/test_harness/helpers.py:643:4:if MCCS_SIMULATION_ENABLED.lower() == &quot;false&quot;:</system-err>
		</testcase>
		<testcase name="resources.test_harness.helpers:679:0" classname="pylint" class="convention" file="Low/tests/resources/test_harness/helpers.py" line="679">
			<failure type="failure" message="missing-function-docstring">C0116:Missing function or method docstring
Low/tests/resources/test_harness/helpers.py:679:0:def set_receive_address(central_node):</failure>
			<system-out>Low/tests/resources/test_harness/helpers.py:679:0:def set_receive_address(central_node):</system-out>
			<system-err>C0116:Missing function or method docstring
Low/tests/resources/test_harness/helpers.py:679:0:def set_receive_address(central_node):</system-err>
		</testcase>
		<testcase name="resources.test_harness.helpers:0:0" classname="pylint" file="Low/tests/resources/test_harness/helpers.py">
			<system-out>All checks passed for: Low/tests/resources/test_harness/helpers.py</system-out>
		</testcase>
	</testsuite>
	<testsuite disabled="0" errors="0" failures="4" name="resources.test_harness.tmc_low" skipped="0" tests="5" time="0">
		<testcase name="resources.test_harness.tmc_low:1:0" classname="pylint" class="convention" file="Low/tests/resources/test_harness/tmc_low.py" line="1">
			<failure type="failure" message="missing-module-docstring">C0114:Missing module docstring
Low/tests/resources/test_harness/tmc_low.py:1:0:import time</failure>
			<system-out>Low/tests/resources/test_harness/tmc_low.py:1:0:import time</system-out>
			<system-err>C0114:Missing module docstring
Low/tests/resources/test_harness/tmc_low.py:1:0:import time</system-err>
		</testcase>
		<testcase name="resources.test_harness.tmc_low:5:0" classname="pylint" class="error" file="Low/tests/resources/test_harness/tmc_low.py" line="5">
			<failure type="failure" message="import-error">E0401:Unable to import 'tests.resources.test_harness.constant'
Low/tests/resources/test_harness/tmc_low.py:5:0:from tests.resources.test_harness.constant import mccs_subarraybeam</failure>
			<system-out>Low/tests/resources/test_harness/tmc_low.py:5:0:from tests.resources.test_harness.constant import mccs_subarraybeam</system-out>
			<system-err>E0401:Unable to import 'tests.resources.test_harness.constant'
Low/tests/resources/test_harness/tmc_low.py:5:0:from tests.resources.test_harness.constant import mccs_subarraybeam</system-err>
		</testcase>
		<testcase name="resources.test_harness.tmc_low:11:0" classname="pylint" class="convention" file="Low/tests/resources/test_harness/tmc_low.py" line="11">
			<failure type="failure" message="missing-class-docstring">C0115:Missing class docstring
Low/tests/resources/test_harness/tmc_low.py:11:0:class TMCLow:</failure>
			<system-out>Low/tests/resources/test_harness/tmc_low.py:11:0:class TMCLow:</system-out>
			<system-err>C0115:Missing class docstring
Low/tests/resources/test_harness/tmc_low.py:11:0:class TMCLow:</system-err>
		</testcase>
		<testcase name="resources.test_harness.tmc_low:18:4" classname="pylint" class="convention" file="Low/tests/resources/test_harness/tmc_low.py" line="18">
			<failure type="failure" message="missing-function-docstring">C0116:Missing function or method docstring
Low/tests/resources/test_harness/tmc_low.py:18:4:def delete_device_from_db(self, server_type):</failure>
			<system-out>Low/tests/resources/test_harness/tmc_low.py:18:4:def delete_device_from_db(self, server_type):</system-out>
			<system-err>C0116:Missing function or method docstring
Low/tests/resources/test_harness/tmc_low.py:18:4:def delete_device_from_db(self, server_type):</system-err>
		</testcase>
		<testcase name="resources.test_harness.tmc_low:0:0" classname="pylint" file="Low/tests/resources/test_harness/tmc_low.py">
			<system-out>All checks passed for: Low/tests/resources/test_harness/tmc_low.py</system-out>
		</testcase>
	</testsuite>
	<testsuite disabled="0" errors="0" failures="4" name="resources.test_harness.central_node_with_csp_low" skipped="0" tests="5" time="0">
		<testcase name="resources.test_harness.central_node_with_csp_low:1:0" classname="pylint" class="convention" file="Low/tests/resources/test_harness/central_node_with_csp_low.py" line="1">
			<failure type="failure" message="missing-module-docstring">C0114:Missing module docstring
Low/tests/resources/test_harness/central_node_with_csp_low.py:1:0:import logging</failure>
			<system-out>Low/tests/resources/test_harness/central_node_with_csp_low.py:1:0:import logging</system-out>
			<system-err>C0114:Missing module docstring
Low/tests/resources/test_harness/central_node_with_csp_low.py:1:0:import logging</system-err>
		</testcase>
		<testcase name="resources.test_harness.central_node_with_csp_low:7:0" classname="pylint" class="error" file="Low/tests/resources/test_harness/central_node_with_csp_low.py" line="7">
			<failure type="failure" message="import-error">E0401:Unable to import 'tests.resources.test_harness.central_node_low'
Low/tests/resources/test_harness/central_node_with_csp_low.py:7:0:from tests.resources.test_harness.central_node_low import CentralNodeWrapperLow</failure>
			<system-out>Low/tests/resources/test_harness/central_node_with_csp_low.py:7:0:from tests.resources.test_harness.central_node_low import CentralNodeWrapperLow</system-out>
			<system-err>E0401:Unable to import 'tests.resources.test_harness.central_node_low'
Low/tests/resources/test_harness/central_node_with_csp_low.py:7:0:from tests.resources.test_harness.central_node_low import CentralNodeWrapperLow</system-err>
		</testcase>
		<testcase name="resources.test_harness.central_node_with_csp_low:8:0" classname="pylint" class="error" file="Low/tests/resources/test_harness/central_node_with_csp_low.py" line="8">
			<failure type="failure" message="import-error">E0401:Unable to import 'tests.resources.test_harness.constant'
Low/tests/resources/test_harness/central_node_with_csp_low.py:8:0:from tests.resources.test_harness.constant import device_dict_low, processor1</failure>
			<system-out>Low/tests/resources/test_harness/central_node_with_csp_low.py:8:0:from tests.resources.test_harness.constant import device_dict_low, processor1</system-out>
			<system-err>E0401:Unable to import 'tests.resources.test_harness.constant'
Low/tests/resources/test_harness/central_node_with_csp_low.py:8:0:from tests.resources.test_harness.constant import device_dict_low, processor1</system-err>
		</testcase>
		<testcase name="resources.test_harness.central_node_with_csp_low:9:0" classname="pylint" class="error" file="Low/tests/resources/test_harness/central_node_with_csp_low.py" line="9">
			<failure type="failure" message="import-error">E0401:Unable to import 'tests.resources.test_harness.utils.wait_helpers'
Low/tests/resources/test_harness/central_node_with_csp_low.py:9:0:from tests.resources.test_harness.utils.wait_helpers import Waiter</failure>
			<system-out>Low/tests/resources/test_harness/central_node_with_csp_low.py:9:0:from tests.resources.test_harness.utils.wait_helpers import Waiter</system-out>
			<system-err>E0401:Unable to import 'tests.resources.test_harness.utils.wait_helpers'
Low/tests/resources/test_harness/central_node_with_csp_low.py:9:0:from tests.resources.test_harness.utils.wait_helpers import Waiter</system-err>
		</testcase>
		<testcase name="resources.test_harness.central_node_with_csp_low:0:0" classname="pylint" file="Low/tests/resources/test_harness/central_node_with_csp_low.py">
			<system-out>All checks passed for: Low/tests/resources/test_harness/central_node_with_csp_low.py</system-out>
		</testcase>
	</testsuite>
	<testsuite disabled="0" errors="0" failures="14" name="resources.test_harness.central_node_low" skipped="0" tests="15" time="0">
		<testcase name="resources.test_harness.central_node_low:1:0" classname="pylint" class="convention" file="Low/tests/resources/test_harness/central_node_low.py" line="1">
			<failure type="failure" message="missing-module-docstring">C0114:Missing module docstring
Low/tests/resources/test_harness/central_node_low.py:1:0:import json</failure>
			<system-out>Low/tests/resources/test_harness/central_node_low.py:1:0:import json</system-out>
			<system-err>C0114:Missing module docstring
Low/tests/resources/test_harness/central_node_low.py:1:0:import json</system-err>
		</testcase>
		<testcase name="resources.test_harness.central_node_low:12:0" classname="pylint" class="error" file="Low/tests/resources/test_harness/central_node_low.py" line="12">
			<failure type="failure" message="import-error">E0401:Unable to import 'tests.resources.test_harness.constant'
Low/tests/resources/test_harness/central_node_low.py:12:0:from tests.resources.test_harness.constant import (</failure>
			<system-out>Low/tests/resources/test_harness/central_node_low.py:12:0:from tests.resources.test_harness.constant import (</system-out>
			<system-err>E0401:Unable to import 'tests.resources.test_harness.constant'
Low/tests/resources/test_harness/central_node_low.py:12:0:from tests.resources.test_harness.constant import (</system-err>
		</testcase>
		<testcase name="resources.test_harness.central_node_low:30:0" classname="pylint" class="error" file="Low/tests/resources/test_harness/central_node_low.py" line="30">
			<failure type="failure" message="import-error">E0401:Unable to import 'tests.resources.test_harness.event_recorder'
Low/tests/resources/test_harness/central_node_low.py:30:0:from tests.resources.test_harness.event_recorder import EventRecorder</failure>
			<system-out>Low/tests/resources/test_harness/central_node_low.py:30:0:from tests.resources.test_harness.event_recorder import EventRecorder</system-out>
			<system-err>E0401:Unable to import 'tests.resources.test_harness.event_recorder'
Low/tests/resources/test_harness/central_node_low.py:30:0:from tests.resources.test_harness.event_recorder import EventRecorder</system-err>
		</testcase>
		<testcase name="resources.test_harness.central_node_low:31:0" classname="pylint" class="error" file="Low/tests/resources/test_harness/central_node_low.py" line="31">
			<failure type="failure" message="import-error">E0401:Unable to import 'tests.resources.test_harness.helpers'
Low/tests/resources/test_harness/central_node_low.py:31:0:from tests.resources.test_harness.helpers import SIMULATED_DEVICES_DICT</failure>
			<system-out>Low/tests/resources/test_harness/central_node_low.py:31:0:from tests.resources.test_harness.helpers import SIMULATED_DEVICES_DICT</system-out>
			<system-err>E0401:Unable to import 'tests.resources.test_harness.helpers'
Low/tests/resources/test_harness/central_node_low.py:31:0:from tests.resources.test_harness.helpers import SIMULATED_DEVICES_DICT</system-err>
		</testcase>
		<testcase name="resources.test_harness.central_node_low:32:0" classname="pylint" class="error" file="Low/tests/resources/test_harness/central_node_low.py" line="32">
			<failure type="failure" message="import-error">E0401:Unable to import 'tests.resources.test_harness.utils.common_utils'
Low/tests/resources/test_harness/central_node_low.py:32:0:from tests.resources.test_harness.utils.common_utils import JsonFactory</failure>
			<system-out>Low/tests/resources/test_harness/central_node_low.py:32:0:from tests.resources.test_harness.utils.common_utils import JsonFactory</system-out>
			<system-err>E0401:Unable to import 'tests.resources.test_harness.utils.common_utils'
Low/tests/resources/test_harness/central_node_low.py:32:0:from tests.resources.test_harness.utils.common_utils import JsonFactory</system-err>
		</testcase>
		<testcase name="resources.test_harness.central_node_low:33:0" classname="pylint" class="error" file="Low/tests/resources/test_harness/central_node_low.py" line="33">
			<failure type="failure" message="import-error">E0401:Unable to import 'tests.resources.test_harness.utils.sync_decorators'
Low/tests/resources/test_harness/central_node_low.py:33:0:from tests.resources.test_harness.utils.sync_decorators import (</failure>
			<system-out>Low/tests/resources/test_harness/central_node_low.py:33:0:from tests.resources.test_harness.utils.sync_decorators import (</system-out>
			<system-err>E0401:Unable to import 'tests.resources.test_harness.utils.sync_decorators'
Low/tests/resources/test_harness/central_node_low.py:33:0:from tests.resources.test_harness.utils.sync_decorators import (</system-err>
		</testcase>
		<testcase name="resources.test_harness.central_node_low:41:0" classname="pylint" class="error" file="Low/tests/resources/test_harness/central_node_low.py" line="41">
			<failure type="failure" message="import-error">E0401:Unable to import 'tests.resources.test_support.common_utils.common_helpers'
Low/tests/resources/test_harness/central_node_low.py:41:0:from tests.resources.test_support.common_utils.common_helpers import Resource</failure>
			<system-out>Low/tests/resources/test_harness/central_node_low.py:41:0:from tests.resources.test_support.common_utils.common_helpers import Resource</system-out>
			<system-err>E0401:Unable to import 'tests.resources.test_support.common_utils.common_helpers'
Low/tests/resources/test_harness/central_node_low.py:41:0:from tests.resources.test_support.common_utils.common_helpers import Resource</system-err>
		</testcase>
		<testcase name="resources.test_harness.central_node_low:48:0" classname="pylint" class="refactor" file="Low/tests/resources/test_harness/central_node_low.py" line="48">
			<failure type="failure" message="useless-object-inheritance">R0205:Class 'CentralNodeWrapperLow' inherits from object, can be safely removed from bases in python3
Low/tests/resources/test_harness/central_node_low.py:48:0:class CentralNodeWrapperLow(object):</failure>
			<system-out>Low/tests/resources/test_harness/central_node_low.py:48:0:class CentralNodeWrapperLow(object):</system-out>
			<system-err>R0205:Class 'CentralNodeWrapperLow' inherits from object, can be safely removed from bases in python3
Low/tests/resources/test_harness/central_node_low.py:48:0:class CentralNodeWrapperLow(object):</system-err>
		</testcase>
		<testcase name="resources.test_harness.central_node_low:108:4" classname="pylint" class="convention" file="Low/tests/resources/test_harness/central_node_low.py" line="108">
			<failure type="failure" message="missing-function-docstring">C0116:Missing function or method docstring
Low/tests/resources/test_harness/central_node_low.py:108:4:def set_subarray_id(self, subarray_id):</failure>
			<system-out>Low/tests/resources/test_harness/central_node_low.py:108:4:def set_subarray_id(self, subarray_id):</system-out>
			<system-err>C0116:Missing function or method docstring
Low/tests/resources/test_harness/central_node_low.py:108:4:def set_subarray_id(self, subarray_id):</system-err>
		</testcase>
		<testcase name="resources.test_harness.central_node_low:112:22" classname="pylint" class="convention" file="Low/tests/resources/test_harness/central_node_low.py" line="112">
			<failure type="failure" message="consider-using-f-string">C0209:Formatting a regular string which could be a f-string
Low/tests/resources/test_harness/central_node_low.py:112:22:subarray_id = &quot;{:02d}&quot;.format(int(subarray_id))</failure>
			<system-out>Low/tests/resources/test_harness/central_node_low.py:112:22:subarray_id = &quot;{:02d}&quot;.format(int(subarray_id))</system-out>
			<system-err>C0209:Formatting a regular string which could be a f-string
Low/tests/resources/test_harness/central_node_low.py:112:22:subarray_id = &quot;{:02d}&quot;.format(int(subarray_id))</system-err>
		</testcase>
		<testcase name="resources.test_harness.central_node_low:137:4" classname="pylint" class="convention" file="Low/tests/resources/test_harness/central_node_low.py" line="137">
			<failure type="failure" message="missing-function-docstring">C0116:Missing function or method docstring
Low/tests/resources/test_harness/central_node_low.py:137:4:def get_subarray_devices_by_id(self, subarray_id):</failure>
			<system-out>Low/tests/resources/test_harness/central_node_low.py:137:4:def get_subarray_devices_by_id(self, subarray_id):</system-out>
			<system-err>C0116:Missing function or method docstring
Low/tests/resources/test_harness/central_node_low.py:137:4:def get_subarray_devices_by_id(self, subarray_id):</system-err>
		</testcase>
		<testcase name="resources.test_harness.central_node_low:138:22" classname="pylint" class="convention" file="Low/tests/resources/test_harness/central_node_low.py" line="138">
			<failure type="failure" message="consider-using-f-string">C0209:Formatting a regular string which could be a f-string
Low/tests/resources/test_harness/central_node_low.py:138:22:subarray_id = &quot;{:02d}&quot;.format(int(subarray_id))</failure>
			<system-out>Low/tests/resources/test_harness/central_node_low.py:138:22:subarray_id = &quot;{:02d}&quot;.format(int(subarray_id))</system-out>
			<system-err>C0209:Formatting a regular string which could be a f-string
Low/tests/resources/test_harness/central_node_low.py:138:22:subarray_id = &quot;{:02d}&quot;.format(int(subarray_id))</system-err>
		</testcase>
		<testcase name="resources.test_harness.central_node_low:801:4" classname="pylint" class="convention" file="Low/tests/resources/test_harness/central_node_low.py" line="801">
			<failure type="failure" message="missing-function-docstring">C0116:Missing function or method docstring
Low/tests/resources/test_harness/central_node_low.py:801:4:def are_sdp_components_online(self):</failure>
			<system-out>Low/tests/resources/test_harness/central_node_low.py:801:4:def are_sdp_components_online(self):</system-out>
			<system-err>C0116:Missing function or method docstring
Low/tests/resources/test_harness/central_node_low.py:801:4:def are_sdp_components_online(self):</system-err>
		</testcase>
		<testcase name="resources.test_harness.central_node_low:48:0" classname="pylint" class="refactor" file="Low/tests/resources/test_harness/central_node_low.py" line="48">
			<failure type="failure" message="too-many-public-methods">R0904:Too many public methods (21/20)
Low/tests/resources/test_harness/central_node_low.py:48:0:class CentralNodeWrapperLow(object):</failure>
			<system-out>Low/tests/resources/test_harness/central_node_low.py:48:0:class CentralNodeWrapperLow(object):</system-out>
			<system-err>R0904:Too many public methods (21/20)
Low/tests/resources/test_harness/central_node_low.py:48:0:class CentralNodeWrapperLow(object):</system-err>
		</testcase>
		<testcase name="resources.test_harness.central_node_low:0:0" classname="pylint" file="Low/tests/resources/test_harness/central_node_low.py">
			<system-out>All checks passed for: Low/tests/resources/test_harness/central_node_low.py</system-out>
		</testcase>
	</testsuite>
	<testsuite disabled="0" errors="0" failures="21" name="resources.test_harness.subarray_node_low" skipped="0" tests="22" time="0">
		<testcase name="resources.test_harness.subarray_node_low:1:0" classname="pylint" class="convention" file="Low/tests/resources/test_harness/subarray_node_low.py" line="1">
			<failure type="failure" message="missing-module-docstring">C0114:Missing module docstring
Low/tests/resources/test_harness/subarray_node_low.py:1:0:import json</failure>
			<system-out>Low/tests/resources/test_harness/subarray_node_low.py:1:0:import json</system-out>
			<system-err>C0114:Missing module docstring
Low/tests/resources/test_harness/subarray_node_low.py:1:0:import json</system-err>
		</testcase>
		<testcase name="resources.test_harness.subarray_node_low:9:0" classname="pylint" class="error" file="Low/tests/resources/test_harness/subarray_node_low.py" line="9">
			<failure type="failure" message="import-error">E0401:Unable to import 'tests.resources.test_harness.constant'
Low/tests/resources/test_harness/subarray_node_low.py:9:0:from tests.resources.test_harness.constant import (</failure>
			<system-out>Low/tests/resources/test_harness/subarray_node_low.py:9:0:from tests.resources.test_harness.constant import (</system-out>
			<system-err>E0401:Unable to import 'tests.resources.test_harness.constant'
Low/tests/resources/test_harness/subarray_node_low.py:9:0:from tests.resources.test_harness.constant import (</system-err>
		</testcase>
		<testcase name="resources.test_harness.subarray_node_low:23:0" classname="pylint" class="error" file="Low/tests/resources/test_harness/subarray_node_low.py" line="23">
			<failure type="failure" message="import-error">E0401:Unable to import 'tests.resources.test_harness.event_recorder'
Low/tests/resources/test_harness/subarray_node_low.py:23:0:from tests.resources.test_harness.event_recorder import EventRecorder</failure>
			<system-out>Low/tests/resources/test_harness/subarray_node_low.py:23:0:from tests.resources.test_harness.event_recorder import EventRecorder</system-out>
			<system-err>E0401:Unable to import 'tests.resources.test_harness.event_recorder'
Low/tests/resources/test_harness/subarray_node_low.py:23:0:from tests.resources.test_harness.event_recorder import EventRecorder</system-err>
		</testcase>
		<testcase name="resources.test_harness.subarray_node_low:24:0" classname="pylint" class="error" file="Low/tests/resources/test_harness/subarray_node_low.py" line="24">
			<failure type="failure" message="import-error">E0401:Unable to import 'tests.resources.test_harness.helpers'
Low/tests/resources/test_harness/subarray_node_low.py:24:0:from tests.resources.test_harness.helpers import (</failure>
			<system-out>Low/tests/resources/test_harness/subarray_node_low.py:24:0:from tests.resources.test_harness.helpers import (</system-out>
			<system-err>E0401:Unable to import 'tests.resources.test_harness.helpers'
Low/tests/resources/test_harness/subarray_node_low.py:24:0:from tests.resources.test_harness.helpers import (</system-err>
		</testcase>
		<testcase name="resources.test_harness.subarray_node_low:29:0" classname="pylint" class="error" file="Low/tests/resources/test_harness/subarray_node_low.py" line="29">
			<failure type="failure" message="import-error">E0401:Unable to import 'tests.resources.test_harness.utils.common_utils'
Low/tests/resources/test_harness/subarray_node_low.py:29:0:from tests.resources.test_harness.utils.common_utils import JsonFactory</failure>
			<system-out>Low/tests/resources/test_harness/subarray_node_low.py:29:0:from tests.resources.test_harness.utils.common_utils import JsonFactory</system-out>
			<system-err>E0401:Unable to import 'tests.resources.test_harness.utils.common_utils'
Low/tests/resources/test_harness/subarray_node_low.py:29:0:from tests.resources.test_harness.utils.common_utils import JsonFactory</system-err>
		</testcase>
		<testcase name="resources.test_harness.subarray_node_low:30:0" classname="pylint" class="error" file="Low/tests/resources/test_harness/subarray_node_low.py" line="30">
			<failure type="failure" message="import-error">E0401:Unable to import 'tests.resources.test_harness.utils.constant'
Low/tests/resources/test_harness/subarray_node_low.py:30:0:from tests.resources.test_harness.utils.constant import (</failure>
			<system-out>Low/tests/resources/test_harness/subarray_node_low.py:30:0:from tests.resources.test_harness.utils.constant import (</system-out>
			<system-err>E0401:Unable to import 'tests.resources.test_harness.utils.constant'
Low/tests/resources/test_harness/subarray_node_low.py:30:0:from tests.resources.test_harness.utils.constant import (</system-err>
		</testcase>
		<testcase name="resources.test_harness.subarray_node_low:36:0" classname="pylint" class="error" file="Low/tests/resources/test_harness/subarray_node_low.py" line="36">
			<failure type="failure" message="import-error">E0401:Unable to import 'tests.resources.test_harness.utils.enums'
Low/tests/resources/test_harness/subarray_node_low.py:36:0:from tests.resources.test_harness.utils.enums import SubarrayObsState</failure>
			<system-out>Low/tests/resources/test_harness/subarray_node_low.py:36:0:from tests.resources.test_harness.utils.enums import SubarrayObsState</system-out>
			<system-err>E0401:Unable to import 'tests.resources.test_harness.utils.enums'
Low/tests/resources/test_harness/subarray_node_low.py:36:0:from tests.resources.test_harness.utils.enums import SubarrayObsState</system-err>
		</testcase>
		<testcase name="resources.test_harness.subarray_node_low:37:0" classname="pylint" class="error" file="Low/tests/resources/test_harness/subarray_node_low.py" line="37">
			<failure type="failure" message="import-error">E0401:Unable to import 'tests.resources.test_harness.utils.obs_state_resetter_low'
Low/tests/resources/test_harness/subarray_node_low.py:37:0:from tests.resources.test_harness.utils.obs_state_resetter_low import (</failure>
			<system-out>Low/tests/resources/test_harness/subarray_node_low.py:37:0:from tests.resources.test_harness.utils.obs_state_resetter_low import (</system-out>
			<system-err>E0401:Unable to import 'tests.resources.test_harness.utils.obs_state_resetter_low'
Low/tests/resources/test_harness/subarray_node_low.py:37:0:from tests.resources.test_harness.utils.obs_state_resetter_low import (</system-err>
		</testcase>
		<testcase name="resources.test_harness.subarray_node_low:40:0" classname="pylint" class="error" file="Low/tests/resources/test_harness/subarray_node_low.py" line="40">
			<failure type="failure" message="import-error">E0401:Unable to import 'tests.resources.test_harness.utils.sync_decorators'
Low/tests/resources/test_harness/subarray_node_low.py:40:0:from tests.resources.test_harness.utils.sync_decorators import (</failure>
			<system-out>Low/tests/resources/test_harness/subarray_node_low.py:40:0:from tests.resources.test_harness.utils.sync_decorators import (</system-out>
			<system-err>E0401:Unable to import 'tests.resources.test_harness.utils.sync_decorators'
Low/tests/resources/test_harness/subarray_node_low.py:40:0:from tests.resources.test_harness.utils.sync_decorators import (</system-err>
		</testcase>
		<testcase name="resources.test_harness.subarray_node_low:49:0" classname="pylint" class="error" file="Low/tests/resources/test_harness/subarray_node_low.py" line="49">
			<failure type="failure" message="import-error">E0401:Unable to import 'tests.resources.test_support.common_utils.common_helpers'
Low/tests/resources/test_harness/subarray_node_low.py:49:0:from tests.resources.test_support.common_utils.common_helpers import Resource</failure>
			<system-out>Low/tests/resources/test_harness/subarray_node_low.py:49:0:from tests.resources.test_support.common_utils.common_helpers import Resource</system-out>
			<system-err>E0401:Unable to import 'tests.resources.test_support.common_utils.common_helpers'
Low/tests/resources/test_harness/subarray_node_low.py:49:0:from tests.resources.test_support.common_utils.common_helpers import Resource</system-err>
		</testcase>
		<testcase name="resources.test_harness.subarray_node_low:159:4" classname="pylint" class="error" file="Low/tests/resources/test_harness/subarray_node_low.py" line="159">
			<failure type="failure" message="function-redefined">E0102:method already defined line 127
Low/tests/resources/test_harness/subarray_node_low.py:159:4:def obs_state(self):</failure>
			<system-out>Low/tests/resources/test_harness/subarray_node_low.py:159:4:def obs_state(self):</system-out>
			<system-err>E0102:method already defined line 127
Low/tests/resources/test_harness/subarray_node_low.py:159:4:def obs_state(self):</system-err>
		</testcase>
		<testcase name="resources.test_harness.subarray_node_low:186:4" classname="pylint" class="convention" file="Low/tests/resources/test_harness/subarray_node_low.py" line="186">
			<failure type="failure" message="missing-function-docstring">C0116:Missing function or method docstring
Low/tests/resources/test_harness/subarray_node_low.py:186:4:def end_observation(self):</failure>
			<system-out>Low/tests/resources/test_harness/subarray_node_low.py:186:4:def end_observation(self):</system-out>
			<system-err>C0116:Missing function or method docstring
Low/tests/resources/test_harness/subarray_node_low.py:186:4:def end_observation(self):</system-err>
		</testcase>
		<testcase name="resources.test_harness.subarray_node_low:192:4" classname="pylint" class="convention" file="Low/tests/resources/test_harness/subarray_node_low.py" line="192">
			<failure type="failure" message="missing-function-docstring">C0116:Missing function or method docstring
Low/tests/resources/test_harness/subarray_node_low.py:192:4:def abort_subarray(self):</failure>
			<system-out>Low/tests/resources/test_harness/subarray_node_low.py:192:4:def abort_subarray(self):</system-out>
			<system-err>C0116:Missing function or method docstring
Low/tests/resources/test_harness/subarray_node_low.py:192:4:def abort_subarray(self):</system-err>
		</testcase>
		<testcase name="resources.test_harness.subarray_node_low:198:4" classname="pylint" class="convention" file="Low/tests/resources/test_harness/subarray_node_low.py" line="198">
			<failure type="failure" message="missing-function-docstring">C0116:Missing function or method docstring
Low/tests/resources/test_harness/subarray_node_low.py:198:4:def restart_subarray(self):</failure>
			<system-out>Low/tests/resources/test_harness/subarray_node_low.py:198:4:def restart_subarray(self):</system-out>
			<system-err>C0116:Missing function or method docstring
Low/tests/resources/test_harness/subarray_node_low.py:198:4:def restart_subarray(self):</system-err>
		</testcase>
		<testcase name="resources.test_harness.subarray_node_low:214:4" classname="pylint" class="convention" file="Low/tests/resources/test_harness/subarray_node_low.py" line="214">
			<failure type="failure" message="missing-function-docstring">C0116:Missing function or method docstring
Low/tests/resources/test_harness/subarray_node_low.py:214:4:def release_resources_subarray(self):</failure>
			<system-out>Low/tests/resources/test_harness/subarray_node_low.py:214:4:def release_resources_subarray(self):</system-out>
			<system-err>C0116:Missing function or method docstring
Low/tests/resources/test_harness/subarray_node_low.py:214:4:def release_resources_subarray(self):</system-err>
		</testcase>
		<testcase name="resources.test_harness.subarray_node_low:229:4" classname="pylint" class="convention" file="Low/tests/resources/test_harness/subarray_node_low.py" line="229">
			<failure type="failure" message="missing-function-docstring">C0116:Missing function or method docstring
Low/tests/resources/test_harness/subarray_node_low.py:229:4:def remove_scan_data(self):</failure>
			<system-out>Low/tests/resources/test_harness/subarray_node_low.py:229:4:def remove_scan_data(self):</system-out>
			<system-err>C0116:Missing function or method docstring
Low/tests/resources/test_harness/subarray_node_low.py:229:4:def remove_scan_data(self):</system-err>
		</testcase>
		<testcase name="resources.test_harness.subarray_node_low:234:4" classname="pylint" class="convention" file="Low/tests/resources/test_harness/subarray_node_low.py" line="234">
			<failure type="failure" message="missing-function-docstring">C0116:Missing function or method docstring
Low/tests/resources/test_harness/subarray_node_low.py:234:4:def store_scan_data(self, input_string):</failure>
			<system-out>Low/tests/resources/test_harness/subarray_node_low.py:234:4:def store_scan_data(self, input_string):</system-out>
			<system-err>C0116:Missing function or method docstring
Low/tests/resources/test_harness/subarray_node_low.py:234:4:def store_scan_data(self, input_string):</system-err>
		</testcase>
		<testcase name="resources.test_harness.subarray_node_low:239:4" classname="pylint" class="refactor" file="Low/tests/resources/test_harness/subarray_node_low.py" line="239">
			<failure type="failure" message="inconsistent-return-statements">R1710:Either all return statements in a function should return an expression, or none of them should.
Low/tests/resources/test_harness/subarray_node_low.py:239:4:def execute_transition(self, command_name: str, argin=None):</failure>
			<system-out>Low/tests/resources/test_harness/subarray_node_low.py:239:4:def execute_transition(self, command_name: str, argin=None):</system-out>
			<system-err>R1710:Either all return statements in a function should return an expression, or none of them should.
Low/tests/resources/test_harness/subarray_node_low.py:239:4:def execute_transition(self, command_name: str, argin=None):</system-err>
		</testcase>
		<testcase name="resources.test_harness.subarray_node_low:269:4" classname="pylint" class="convention" file="Low/tests/resources/test_harness/subarray_node_low.py" line="269">
			<failure type="failure" message="missing-function-docstring">C0116:Missing function or method docstring
Low/tests/resources/test_harness/subarray_node_low.py:269:4:def move_to_on(self):</failure>
			<system-out>Low/tests/resources/test_harness/subarray_node_low.py:269:4:def move_to_on(self):</system-out>
			<system-err>C0116:Missing function or method docstring
Low/tests/resources/test_harness/subarray_node_low.py:269:4:def move_to_on(self):</system-err>
		</testcase>
		<testcase name="resources.test_harness.subarray_node_low:275:4" classname="pylint" class="convention" file="Low/tests/resources/test_harness/subarray_node_low.py" line="275">
			<failure type="failure" message="missing-function-docstring">C0116:Missing function or method docstring
Low/tests/resources/test_harness/subarray_node_low.py:275:4:def move_to_off(self):</failure>
			<system-out>Low/tests/resources/test_harness/subarray_node_low.py:275:4:def move_to_off(self):</system-out>
			<system-err>C0116:Missing function or method docstring
Low/tests/resources/test_harness/subarray_node_low.py:275:4:def move_to_off(self):</system-err>
		</testcase>
		<testcase name="resources.test_harness.subarray_node_low:362:4" classname="pylint" class="refactor" file="Low/tests/resources/test_harness/subarray_node_low.py" line="362">
			<failure type="failure" message="too-many-branches">R0912:Too many branches (13/12)
Low/tests/resources/test_harness/subarray_node_low.py:362:4:def _clear_command_call_and_transition_data(self, clear_transition=False):</failure>
			<system-out>Low/tests/resources/test_harness/subarray_node_low.py:362:4:def _clear_command_call_and_transition_data(self, clear_transition=False):</system-out>
			<system-err>R0912:Too many branches (13/12)
Low/tests/resources/test_harness/subarray_node_low.py:362:4:def _clear_command_call_and_transition_data(self, clear_transition=False):</system-err>
		</testcase>
		<testcase name="resources.test_harness.subarray_node_low:0:0" classname="pylint" file="Low/tests/resources/test_harness/subarray_node_low.py">
			<system-out>All checks passed for: Low/tests/resources/test_harness/subarray_node_low.py</system-out>
		</testcase>
	</testsuite>
	<testsuite disabled="0" errors="0" failures="5" name="resources.test_harness.subarray_node_with_csp_low" skipped="0" tests="6" time="0">
		<testcase name="resources.test_harness.subarray_node_with_csp_low:1:0" classname="pylint" class="convention" file="Low/tests/resources/test_harness/subarray_node_with_csp_low.py" line="1">
			<failure type="failure" message="missing-module-docstring">C0114:Missing module docstring
Low/tests/resources/test_harness/subarray_node_with_csp_low.py:1:0:import json</failure>
			<system-out>Low/tests/resources/test_harness/subarray_node_with_csp_low.py:1:0:import json</system-out>
			<system-err>C0114:Missing module docstring
Low/tests/resources/test_harness/subarray_node_with_csp_low.py:1:0:import json</system-err>
		</testcase>
		<testcase name="resources.test_harness.subarray_node_with_csp_low:7:0" classname="pylint" class="error" file="Low/tests/resources/test_harness/subarray_node_with_csp_low.py" line="7">
			<failure type="failure" message="import-error">E0401:Unable to import 'tests.resources.test_harness.subarray_node_low'
Low/tests/resources/test_harness/subarray_node_with_csp_low.py:7:0:from tests.resources.test_harness.subarray_node_low import (</failure>
			<system-out>Low/tests/resources/test_harness/subarray_node_with_csp_low.py:7:0:from tests.resources.test_harness.subarray_node_low import (</system-out>
			<system-err>E0401:Unable to import 'tests.resources.test_harness.subarray_node_low'
Low/tests/resources/test_harness/subarray_node_with_csp_low.py:7:0:from tests.resources.test_harness.subarray_node_low import (</system-err>
		</testcase>
		<testcase name="resources.test_harness.subarray_node_with_csp_low:10:0" classname="pylint" class="error" file="Low/tests/resources/test_harness/subarray_node_with_csp_low.py" line="10">
			<failure type="failure" message="import-error">E0401:Unable to import 'tests.resources.test_harness.utils.enums'
Low/tests/resources/test_harness/subarray_node_with_csp_low.py:10:0:from tests.resources.test_harness.utils.enums import SubarrayObsState</failure>
			<system-out>Low/tests/resources/test_harness/subarray_node_with_csp_low.py:10:0:from tests.resources.test_harness.utils.enums import SubarrayObsState</system-out>
			<system-err>E0401:Unable to import 'tests.resources.test_harness.utils.enums'
Low/tests/resources/test_harness/subarray_node_with_csp_low.py:10:0:from tests.resources.test_harness.utils.enums import SubarrayObsState</system-err>
		</testcase>
		<testcase name="resources.test_harness.subarray_node_with_csp_low:21:4" classname="pylint" class="convention" file="Low/tests/resources/test_harness/subarray_node_with_csp_low.py" line="21">
			<failure type="failure" message="missing-function-docstring">C0116:Missing function or method docstring
Low/tests/resources/test_harness/subarray_node_with_csp_low.py:21:4:def set_subarray_id(self, subarray_id):</failure>
			<system-out>Low/tests/resources/test_harness/subarray_node_with_csp_low.py:21:4:def set_subarray_id(self, subarray_id):</system-out>
			<system-err>C0116:Missing function or method docstring
Low/tests/resources/test_harness/subarray_node_with_csp_low.py:21:4:def set_subarray_id(self, subarray_id):</system-err>
		</testcase>
		<testcase name="resources.test_harness.subarray_node_with_csp_low:25:22" classname="pylint" class="convention" file="Low/tests/resources/test_harness/subarray_node_with_csp_low.py" line="25">
			<failure type="failure" message="consider-using-f-string">C0209:Formatting a regular string which could be a f-string
Low/tests/resources/test_harness/subarray_node_with_csp_low.py:25:22:subarray_id = &quot;{:02d}&quot;.format(int(subarray_id))</failure>
			<system-out>Low/tests/resources/test_harness/subarray_node_with_csp_low.py:25:22:subarray_id = &quot;{:02d}&quot;.format(int(subarray_id))</system-out>
			<system-err>C0209:Formatting a regular string which could be a f-string
Low/tests/resources/test_harness/subarray_node_with_csp_low.py:25:22:subarray_id = &quot;{:02d}&quot;.format(int(subarray_id))</system-err>
		</testcase>
		<testcase name="resources.test_harness.subarray_node_with_csp_low:0:0" classname="pylint" file="Low/tests/resources/test_harness/subarray_node_with_csp_low.py">
			<system-out>All checks passed for: Low/tests/resources/test_harness/subarray_node_with_csp_low.py</system-out>
		</testcase>
	</testsuite>
	<testsuite disabled="0" errors="0" failures="2" name="resources.test_harness.simulator_factory" skipped="0" tests="3" time="0">
		<testcase name="resources.test_harness.simulator_factory:7:0" classname="pylint" class="error" file="Low/tests/resources/test_harness/simulator_factory.py" line="7">
			<failure type="failure" message="import-error">E0401:Unable to import 'tests.resources.test_harness.constant'
Low/tests/resources/test_harness/simulator_factory.py:7:0:from tests.resources.test_harness.constant import SIMULATOR_DEVICE_FQDN_DICT</failure>
			<system-out>Low/tests/resources/test_harness/simulator_factory.py:7:0:from tests.resources.test_harness.constant import SIMULATOR_DEVICE_FQDN_DICT</system-out>
			<system-err>E0401:Unable to import 'tests.resources.test_harness.constant'
Low/tests/resources/test_harness/simulator_factory.py:7:0:from tests.resources.test_harness.constant import SIMULATOR_DEVICE_FQDN_DICT</system-err>
		</testcase>
		<testcase name="resources.test_harness.simulator_factory:8:0" classname="pylint" class="error" file="Low/tests/resources/test_harness/simulator_factory.py" line="8">
			<failure type="failure" message="import-error">E0401:Unable to import 'tests.resources.test_harness.utils.enums'
Low/tests/resources/test_harness/simulator_factory.py:8:0:from tests.resources.test_harness.utils.enums import SimulatorDeviceType</failure>
			<system-out>Low/tests/resources/test_harness/simulator_factory.py:8:0:from tests.resources.test_harness.utils.enums import SimulatorDeviceType</system-out>
			<system-err>E0401:Unable to import 'tests.resources.test_harness.utils.enums'
Low/tests/resources/test_harness/simulator_factory.py:8:0:from tests.resources.test_harness.utils.enums import SimulatorDeviceType</system-err>
		</testcase>
		<testcase name="resources.test_harness.simulator_factory:0:0" classname="pylint" file="Low/tests/resources/test_harness/simulator_factory.py">
			<system-out>All checks passed for: Low/tests/resources/test_harness/simulator_factory.py</system-out>
		</testcase>
	</testsuite>
	<testsuite disabled="0" errors="0" failures="1" name="resources.test_harness.constant" skipped="0" tests="2" time="0">
		<testcase name="resources.test_harness.constant:6:0" classname="pylint" class="error" file="Low/tests/resources/test_harness/constant.py" line="6">
			<failure type="failure" message="import-error">E0401:Unable to import 'tests.resources.test_harness.utils.enums'
Low/tests/resources/test_harness/constant.py:6:0:from tests.resources.test_harness.utils.enums import (</failure>
			<system-out>Low/tests/resources/test_harness/constant.py:6:0:from tests.resources.test_harness.utils.enums import (</system-out>
			<system-err>E0401:Unable to import 'tests.resources.test_harness.utils.enums'
Low/tests/resources/test_harness/constant.py:6:0:from tests.resources.test_harness.utils.enums import (</system-err>
		</testcase>
		<testcase name="resources.test_harness.constant:0:0" classname="pylint" file="Low/tests/resources/test_harness/constant.py">
			<system-out>All checks passed for: Low/tests/resources/test_harness/constant.py</system-out>
		</testcase>
	</testsuite>
	<testsuite disabled="0" errors="0" failures="2" name="resources.test_harness.event_recorder" skipped="0" tests="3" time="0">
		<testcase name="resources.test_harness.event_recorder:16:0" classname="pylint" class="convention" file="Low/tests/resources/test_harness/event_recorder.py" line="16">
			<failure type="failure" message="missing-class-docstring">C0115:Missing class docstring
Low/tests/resources/test_harness/event_recorder.py:16:0:class AttributeNotSubscribed(Exception):</failure>
			<system-out>Low/tests/resources/test_harness/event_recorder.py:16:0:class AttributeNotSubscribed(Exception):</system-out>
			<system-err>C0115:Missing class docstring
Low/tests/resources/test_harness/event_recorder.py:16:0:class AttributeNotSubscribed(Exception):</system-err>
		</testcase>
		<testcase name="resources.test_harness.event_recorder:23:0" classname="pylint" class="refactor" file="Low/tests/resources/test_harness/event_recorder.py" line="23">
			<failure type="failure" message="useless-object-inheritance">R0205:Class 'EventRecorder' inherits from object, can be safely removed from bases in python3
Low/tests/resources/test_harness/event_recorder.py:23:0:class EventRecorder(object):</failure>
			<system-out>Low/tests/resources/test_harness/event_recorder.py:23:0:class EventRecorder(object):</system-out>
			<system-err>R0205:Class 'EventRecorder' inherits from object, can be safely removed from bases in python3
Low/tests/resources/test_harness/event_recorder.py:23:0:class EventRecorder(object):</system-err>
		</testcase>
		<testcase name="resources.test_harness.event_recorder:0:0" classname="pylint" file="Low/tests/resources/test_harness/event_recorder.py">
			<system-out>All checks passed for: Low/tests/resources/test_harness/event_recorder.py</system-out>
		</testcase>
	</testsuite>
	<testsuite disabled="0" errors="0" failures="1" name="resources.test_harness.utils.assertions" skipped="0" tests="2" time="0">
		<testcase name="resources.test_harness.utils.assertions:1:0" classname="pylint" class="convention" file="Low/tests/resources/test_harness/utils/assertions.py" line="1">
			<failure type="failure" message="missing-module-docstring">C0114:Missing module docstring
Low/tests/resources/test_harness/utils/assertions.py:1:0:import json</failure>
			<system-out>Low/tests/resources/test_harness/utils/assertions.py:1:0:import json</system-out>
			<system-err>C0114:Missing module docstring
Low/tests/resources/test_harness/utils/assertions.py:1:0:import json</system-err>
		</testcase>
		<testcase name="resources.test_harness.utils.assertions:0:0" classname="pylint" file="Low/tests/resources/test_harness/utils/assertions.py">
			<system-out>All checks passed for: Low/tests/resources/test_harness/utils/assertions.py</system-out>
		</testcase>
	</testsuite>
	<testsuite disabled="0" errors="0" failures="3" name="resources.test_harness.utils.common_utils" skipped="0" tests="4" time="0">
		<testcase name="resources.test_harness.utils.common_utils:8:0" classname="pylint" class="error" file="Low/tests/resources/test_harness/utils/common_utils.py" line="8">
			<failure type="failure" message="import-error">E0401:Unable to import 'tests.resources.test_harness.utils.wait_helpers'
Low/tests/resources/test_harness/utils/common_utils.py:8:0:from tests.resources.test_harness.utils.wait_helpers import Waiter</failure>
			<system-out>Low/tests/resources/test_harness/utils/common_utils.py:8:0:from tests.resources.test_harness.utils.wait_helpers import Waiter</system-out>
			<system-err>E0401:Unable to import 'tests.resources.test_harness.utils.wait_helpers'
Low/tests/resources/test_harness/utils/common_utils.py:8:0:from tests.resources.test_harness.utils.wait_helpers import Waiter</system-err>
		</testcase>
		<testcase name="resources.test_harness.utils.common_utils:9:0" classname="pylint" class="error" file="Low/tests/resources/test_harness/utils/common_utils.py" line="9">
			<failure type="failure" message="import-error">E0401:Unable to import 'tests.resources.test_support.common_utils.result_code'
Low/tests/resources/test_harness/utils/common_utils.py:9:0:from tests.resources.test_support.common_utils.result_code import ResultCode</failure>
			<system-out>Low/tests/resources/test_harness/utils/common_utils.py:9:0:from tests.resources.test_support.common_utils.result_code import ResultCode</system-out>
			<system-err>E0401:Unable to import 'tests.resources.test_support.common_utils.result_code'
Low/tests/resources/test_harness/utils/common_utils.py:9:0:from tests.resources.test_support.common_utils.result_code import ResultCode</system-err>
		</testcase>
		<testcase name="resources.test_harness.utils.common_utils:189:0" classname="pylint" class="refactor" file="Low/tests/resources/test_harness/utils/common_utils.py" line="189">
			<failure type="failure" message="useless-object-inheritance">R0205:Class 'JsonFactory' inherits from object, can be safely removed from bases in python3
Low/tests/resources/test_harness/utils/common_utils.py:189:0:class JsonFactory(object):</failure>
			<system-out>Low/tests/resources/test_harness/utils/common_utils.py:189:0:class JsonFactory(object):</system-out>
			<system-err>R0205:Class 'JsonFactory' inherits from object, can be safely removed from bases in python3
Low/tests/resources/test_harness/utils/common_utils.py:189:0:class JsonFactory(object):</system-err>
		</testcase>
		<testcase name="resources.test_harness.utils.common_utils:0:0" classname="pylint" file="Low/tests/resources/test_harness/utils/common_utils.py">
			<system-out>All checks passed for: Low/tests/resources/test_harness/utils/common_utils.py</system-out>
		</testcase>
	</testsuite>
	<testsuite disabled="0" errors="0" failures="3" name="resources.test_harness.utils.enums" skipped="0" tests="4" time="0">
		<testcase name="resources.test_harness.utils.enums:8:0" classname="pylint" class="convention" file="Low/tests/resources/test_harness/utils/enums.py" line="8">
			<failure type="failure" message="missing-class-docstring">C0115:Missing class docstring
Low/tests/resources/test_harness/utils/enums.py:8:0:class SubarrayState(IntEnum):</failure>
			<system-out>Low/tests/resources/test_harness/utils/enums.py:8:0:class SubarrayState(IntEnum):</system-out>
			<system-err>C0115:Missing class docstring
Low/tests/resources/test_harness/utils/enums.py:8:0:class SubarrayState(IntEnum):</system-err>
		</testcase>
		<testcase name="resources.test_harness.utils.enums:17:0" classname="pylint" class="convention" file="Low/tests/resources/test_harness/utils/enums.py" line="17">
			<failure type="failure" message="missing-class-docstring">C0115:Missing class docstring
Low/tests/resources/test_harness/utils/enums.py:17:0:class SubarrayObsState(IntEnum):</failure>
			<system-out>Low/tests/resources/test_harness/utils/enums.py:17:0:class SubarrayObsState(IntEnum):</system-out>
			<system-err>C0115:Missing class docstring
Low/tests/resources/test_harness/utils/enums.py:17:0:class SubarrayObsState(IntEnum):</system-err>
		</testcase>
		<testcase name="resources.test_harness.utils.enums:27:0" classname="pylint" class="convention" file="Low/tests/resources/test_harness/utils/enums.py" line="27">
			<failure type="failure" message="missing-class-docstring">C0115:Missing class docstring
Low/tests/resources/test_harness/utils/enums.py:27:0:class SimulatorDeviceType(IntEnum):</failure>
			<system-out>Low/tests/resources/test_harness/utils/enums.py:27:0:class SimulatorDeviceType(IntEnum):</system-out>
			<system-err>C0115:Missing class docstring
Low/tests/resources/test_harness/utils/enums.py:27:0:class SimulatorDeviceType(IntEnum):</system-err>
		</testcase>
		<testcase name="resources.test_harness.utils.enums:0:0" classname="pylint" file="Low/tests/resources/test_harness/utils/enums.py">
			<system-out>All checks passed for: Low/tests/resources/test_harness/utils/enums.py</system-out>
		</testcase>
	</testsuite>
	<testsuite disabled="0" errors="0" failures="0" name="resources.test_harness.utils.__init__" skipped="0" tests="1" time="0">
		<testcase name="resources.test_harness.utils.__init__:0:0" classname="pylint" file="Low/tests/resources/test_harness/utils/__init__.py">
			<system-out>All checks passed for: Low/tests/resources/test_harness/utils/__init__.py</system-out>
		</testcase>
	</testsuite>
	<testsuite disabled="0" errors="0" failures="12" name="resources.test_harness.utils.obs_state_resetter_low" skipped="0" tests="13" time="0">
		<testcase name="resources.test_harness.utils.obs_state_resetter_low:1:0" classname="pylint" class="convention" file="Low/tests/resources/test_harness/utils/obs_state_resetter_low.py" line="1">
			<failure type="failure" message="missing-module-docstring">C0114:Missing module docstring
Low/tests/resources/test_harness/utils/obs_state_resetter_low.py:1:0:from typing import Any</failure>
			<system-out>Low/tests/resources/test_harness/utils/obs_state_resetter_low.py:1:0:from typing import Any</system-out>
			<system-err>C0114:Missing module docstring
Low/tests/resources/test_harness/utils/obs_state_resetter_low.py:1:0:from typing import Any</system-err>
		</testcase>
		<testcase name="resources.test_harness.utils.obs_state_resetter_low:3:0" classname="pylint" class="error" file="Low/tests/resources/test_harness/utils/obs_state_resetter_low.py" line="3">
			<failure type="failure" message="import-error">E0401:Unable to import 'tests.resources.test_harness.utils.common_utils'
Low/tests/resources/test_harness/utils/obs_state_resetter_low.py:3:0:from tests.resources.test_harness.utils.common_utils import JsonFactory</failure>
			<system-out>Low/tests/resources/test_harness/utils/obs_state_resetter_low.py:3:0:from tests.resources.test_harness.utils.common_utils import JsonFactory</system-out>
			<system-err>E0401:Unable to import 'tests.resources.test_harness.utils.common_utils'
Low/tests/resources/test_harness/utils/obs_state_resetter_low.py:3:0:from tests.resources.test_harness.utils.common_utils import JsonFactory</system-err>
		</testcase>
		<testcase name="resources.test_harness.utils.obs_state_resetter_low:6:0" classname="pylint" class="refactor" file="Low/tests/resources/test_harness/utils/obs_state_resetter_low.py" line="6">
			<failure type="failure" message="too-few-public-methods">R0903:Too few public methods (0/1)
Low/tests/resources/test_harness/utils/obs_state_resetter_low.py:6:0:class ObsStateResetter:</failure>
			<system-out>Low/tests/resources/test_harness/utils/obs_state_resetter_low.py:6:0:class ObsStateResetter:</system-out>
			<system-err>R0903:Too few public methods (0/1)
Low/tests/resources/test_harness/utils/obs_state_resetter_low.py:6:0:class ObsStateResetter:</system-err>
		</testcase>
		<testcase name="resources.test_harness.utils.obs_state_resetter_low:37:4" classname="pylint" class="convention" file="Low/tests/resources/test_harness/utils/obs_state_resetter_low.py" line="37">
			<failure type="failure" message="missing-function-docstring">C0116:Missing function or method docstring
Low/tests/resources/test_harness/utils/obs_state_resetter_low.py:37:4:def reset(self):</failure>
			<system-out>Low/tests/resources/test_harness/utils/obs_state_resetter_low.py:37:4:def reset(self):</system-out>
			<system-err>C0116:Missing function or method docstring
Low/tests/resources/test_harness/utils/obs_state_resetter_low.py:37:4:def reset(self):</system-err>
		</testcase>
		<testcase name="resources.test_harness.utils.obs_state_resetter_low:51:4" classname="pylint" class="convention" file="Low/tests/resources/test_harness/utils/obs_state_resetter_low.py" line="51">
			<failure type="failure" message="missing-function-docstring">C0116:Missing function or method docstring
Low/tests/resources/test_harness/utils/obs_state_resetter_low.py:51:4:def reset(self):</failure>
			<system-out>Low/tests/resources/test_harness/utils/obs_state_resetter_low.py:51:4:def reset(self):</system-out>
			<system-err>C0116:Missing function or method docstring
Low/tests/resources/test_harness/utils/obs_state_resetter_low.py:51:4:def reset(self):</system-err>
		</testcase>
		<testcase name="resources.test_harness.utils.obs_state_resetter_low:63:4" classname="pylint" class="convention" file="Low/tests/resources/test_harness/utils/obs_state_resetter_low.py" line="63">
			<failure type="failure" message="missing-function-docstring">C0116:Missing function or method docstring
Low/tests/resources/test_harness/utils/obs_state_resetter_low.py:63:4:def reset(self):</failure>
			<system-out>Low/tests/resources/test_harness/utils/obs_state_resetter_low.py:63:4:def reset(self):</system-out>
			<system-err>C0116:Missing function or method docstring
Low/tests/resources/test_harness/utils/obs_state_resetter_low.py:63:4:def reset(self):</system-err>
		</testcase>
		<testcase name="resources.test_harness.utils.obs_state_resetter_low:74:4" classname="pylint" class="convention" file="Low/tests/resources/test_harness/utils/obs_state_resetter_low.py" line="74">
			<failure type="failure" message="missing-function-docstring">C0116:Missing function or method docstring
Low/tests/resources/test_harness/utils/obs_state_resetter_low.py:74:4:def reset(self):</failure>
			<system-out>Low/tests/resources/test_harness/utils/obs_state_resetter_low.py:74:4:def reset(self):</system-out>
			<system-err>C0116:Missing function or method docstring
Low/tests/resources/test_harness/utils/obs_state_resetter_low.py:74:4:def reset(self):</system-err>
		</testcase>
		<testcase name="resources.test_harness.utils.obs_state_resetter_low:88:4" classname="pylint" class="convention" file="Low/tests/resources/test_harness/utils/obs_state_resetter_low.py" line="88">
			<failure type="failure" message="missing-function-docstring">C0116:Missing function or method docstring
Low/tests/resources/test_harness/utils/obs_state_resetter_low.py:88:4:def reset(self):</failure>
			<system-out>Low/tests/resources/test_harness/utils/obs_state_resetter_low.py:88:4:def reset(self):</system-out>
			<system-err>C0116:Missing function or method docstring
Low/tests/resources/test_harness/utils/obs_state_resetter_low.py:88:4:def reset(self):</system-err>
		</testcase>
		<testcase name="resources.test_harness.utils.obs_state_resetter_low:103:4" classname="pylint" class="convention" file="Low/tests/resources/test_harness/utils/obs_state_resetter_low.py" line="103">
			<failure type="failure" message="missing-function-docstring">C0116:Missing function or method docstring
Low/tests/resources/test_harness/utils/obs_state_resetter_low.py:103:4:def reset(self):</failure>
			<system-out>Low/tests/resources/test_harness/utils/obs_state_resetter_low.py:103:4:def reset(self):</system-out>
			<system-err>C0116:Missing function or method docstring
Low/tests/resources/test_harness/utils/obs_state_resetter_low.py:103:4:def reset(self):</system-err>
		</testcase>
		<testcase name="resources.test_harness.utils.obs_state_resetter_low:116:4" classname="pylint" class="convention" file="Low/tests/resources/test_harness/utils/obs_state_resetter_low.py" line="116">
			<failure type="failure" message="missing-function-docstring">C0116:Missing function or method docstring
Low/tests/resources/test_harness/utils/obs_state_resetter_low.py:116:4:def reset(self):</failure>
			<system-out>Low/tests/resources/test_harness/utils/obs_state_resetter_low.py:116:4:def reset(self):</system-out>
			<system-err>C0116:Missing function or method docstring
Low/tests/resources/test_harness/utils/obs_state_resetter_low.py:116:4:def reset(self):</system-err>
		</testcase>
		<testcase name="resources.test_harness.utils.obs_state_resetter_low:129:4" classname="pylint" class="convention" file="Low/tests/resources/test_harness/utils/obs_state_resetter_low.py" line="129">
			<failure type="failure" message="missing-function-docstring">C0116:Missing function or method docstring
Low/tests/resources/test_harness/utils/obs_state_resetter_low.py:129:4:def reset(self):</failure>
			<system-out>Low/tests/resources/test_harness/utils/obs_state_resetter_low.py:129:4:def reset(self):</system-out>
			<system-err>C0116:Missing function or method docstring
Low/tests/resources/test_harness/utils/obs_state_resetter_low.py:129:4:def reset(self):</system-err>
		</testcase>
		<testcase name="resources.test_harness.utils.obs_state_resetter_low:153:4" classname="pylint" class="convention" file="Low/tests/resources/test_harness/utils/obs_state_resetter_low.py" line="153">
			<failure type="failure" message="missing-function-docstring">C0116:Missing function or method docstring
Low/tests/resources/test_harness/utils/obs_state_resetter_low.py:153:4:def create_obs_state_resetter(self, state_name: str, device: Any):</failure>
			<system-out>Low/tests/resources/test_harness/utils/obs_state_resetter_low.py:153:4:def create_obs_state_resetter(self, state_name: str, device: Any):</system-out>
			<system-err>C0116:Missing function or method docstring
Low/tests/resources/test_harness/utils/obs_state_resetter_low.py:153:4:def create_obs_state_resetter(self, state_name: str, device: Any):</system-err>
		</testcase>
		<testcase name="resources.test_harness.utils.obs_state_resetter_low:0:0" classname="pylint" file="Low/tests/resources/test_harness/utils/obs_state_resetter_low.py">
			<system-out>All checks passed for: Low/tests/resources/test_harness/utils/obs_state_resetter_low.py</system-out>
		</testcase>
	</testsuite>
	<testsuite disabled="0" errors="0" failures="15" name="resources.test_harness.utils.sync_decorators" skipped="0" tests="16" time="0">
		<testcase name="resources.test_harness.utils.sync_decorators:1:0" classname="pylint" class="convention" file="Low/tests/resources/test_harness/utils/sync_decorators.py" line="1">
			<failure type="failure" message="missing-module-docstring">C0114:Missing module docstring
Low/tests/resources/test_harness/utils/sync_decorators.py:1:0:import functools</failure>
			<system-out>Low/tests/resources/test_harness/utils/sync_decorators.py:1:0:import functools</system-out>
			<system-err>C0114:Missing module docstring
Low/tests/resources/test_harness/utils/sync_decorators.py:1:0:import functools</system-err>
		</testcase>
		<testcase name="resources.test_harness.utils.sync_decorators:5:0" classname="pylint" class="error" file="Low/tests/resources/test_harness/utils/sync_decorators.py" line="5">
			<failure type="failure" message="import-error">E0401:Unable to import 'tests.resources.test_harness.utils.wait_helpers'
Low/tests/resources/test_harness/utils/sync_decorators.py:5:0:from tests.resources.test_harness.utils.wait_helpers import Waiter</failure>
			<system-out>Low/tests/resources/test_harness/utils/sync_decorators.py:5:0:from tests.resources.test_harness.utils.wait_helpers import Waiter</system-out>
			<system-err>E0401:Unable to import 'tests.resources.test_harness.utils.wait_helpers'
Low/tests/resources/test_harness/utils/sync_decorators.py:5:0:from tests.resources.test_harness.utils.wait_helpers import Waiter</system-err>
		</testcase>
		<testcase name="resources.test_harness.utils.sync_decorators:6:0" classname="pylint" class="error" file="Low/tests/resources/test_harness/utils/sync_decorators.py" line="6">
			<failure type="failure" message="import-error">E0401:Unable to import 'tests.resources.test_support.common_utils.base_utils'
Low/tests/resources/test_harness/utils/sync_decorators.py:6:0:from tests.resources.test_support.common_utils.base_utils import DeviceUtils</failure>
			<system-out>Low/tests/resources/test_harness/utils/sync_decorators.py:6:0:from tests.resources.test_support.common_utils.base_utils import DeviceUtils</system-out>
			<system-err>E0401:Unable to import 'tests.resources.test_support.common_utils.base_utils'
Low/tests/resources/test_harness/utils/sync_decorators.py:6:0:from tests.resources.test_support.common_utils.base_utils import DeviceUtils</system-err>
		</testcase>
		<testcase name="resources.test_harness.utils.sync_decorators:7:0" classname="pylint" class="error" file="Low/tests/resources/test_harness/utils/sync_decorators.py" line="7">
			<failure type="failure" message="import-error">E0401:Unable to import 'tests.resources.test_support.common_utils.common_helpers'
Low/tests/resources/test_harness/utils/sync_decorators.py:7:0:from tests.resources.test_support.common_utils.common_helpers import Resource</failure>
			<system-out>Low/tests/resources/test_harness/utils/sync_decorators.py:7:0:from tests.resources.test_support.common_utils.common_helpers import Resource</system-out>
			<system-err>E0401:Unable to import 'tests.resources.test_support.common_utils.common_helpers'
Low/tests/resources/test_harness/utils/sync_decorators.py:7:0:from tests.resources.test_support.common_utils.common_helpers import Resource</system-err>
		</testcase>
		<testcase name="resources.test_harness.utils.sync_decorators:16:0" classname="pylint" class="convention" file="Low/tests/resources/test_harness/utils/sync_decorators.py" line="16">
			<failure type="failure" message="missing-function-docstring">C0116:Missing function or method docstring
Low/tests/resources/test_harness/utils/sync_decorators.py:16:0:def sync_set_to_on(device_dict: dict):</failure>
			<system-out>Low/tests/resources/test_harness/utils/sync_decorators.py:16:0:def sync_set_to_on(device_dict: dict):</system-out>
			<system-err>C0116:Missing function or method docstring
Low/tests/resources/test_harness/utils/sync_decorators.py:16:0:def sync_set_to_on(device_dict: dict):</system-err>
		</testcase>
		<testcase name="resources.test_harness.utils.sync_decorators:31:0" classname="pylint" class="convention" file="Low/tests/resources/test_harness/utils/sync_decorators.py" line="31">
			<failure type="failure" message="missing-function-docstring">C0116:Missing function or method docstring
Low/tests/resources/test_harness/utils/sync_decorators.py:31:0:def sync_set_to_off(device_dict: dict):</failure>
			<system-out>Low/tests/resources/test_harness/utils/sync_decorators.py:31:0:def sync_set_to_off(device_dict: dict):</system-out>
			<system-err>C0116:Missing function or method docstring
Low/tests/resources/test_harness/utils/sync_decorators.py:31:0:def sync_set_to_off(device_dict: dict):</system-err>
		</testcase>
		<testcase name="resources.test_harness.utils.sync_decorators:48:0" classname="pylint" class="convention" file="Low/tests/resources/test_harness/utils/sync_decorators.py" line="48">
			<failure type="failure" message="missing-function-docstring">C0116:Missing function or method docstring
Low/tests/resources/test_harness/utils/sync_decorators.py:48:0:def sync_going_to_off(timeout=50, **kwargs):</failure>
			<system-out>Low/tests/resources/test_harness/utils/sync_decorators.py:48:0:def sync_going_to_off(timeout=50, **kwargs):</system-out>
			<system-err>C0116:Missing function or method docstring
Low/tests/resources/test_harness/utils/sync_decorators.py:48:0:def sync_going_to_off(timeout=50, **kwargs):</system-err>
		</testcase>
		<testcase name="resources.test_harness.utils.sync_decorators:55:0" classname="pylint" class="convention" file="Low/tests/resources/test_harness/utils/sync_decorators.py" line="55">
			<failure type="failure" message="missing-function-docstring">C0116:Missing function or method docstring
Low/tests/resources/test_harness/utils/sync_decorators.py:55:0:def sync_set_to_standby(func):</failure>
			<system-out>Low/tests/resources/test_harness/utils/sync_decorators.py:55:0:def sync_set_to_standby(func):</system-out>
			<system-err>C0116:Missing function or method docstring
Low/tests/resources/test_harness/utils/sync_decorators.py:55:0:def sync_set_to_standby(func):</system-err>
		</testcase>
		<testcase name="resources.test_harness.utils.sync_decorators:67:0" classname="pylint" class="convention" file="Low/tests/resources/test_harness/utils/sync_decorators.py" line="67">
			<failure type="failure" message="missing-function-docstring">C0116:Missing function or method docstring
Low/tests/resources/test_harness/utils/sync_decorators.py:67:0:def sync_release_resources(device_dict, timeout=200):</failure>
			<system-out>Low/tests/resources/test_harness/utils/sync_decorators.py:67:0:def sync_release_resources(device_dict, timeout=200):</system-out>
			<system-err>C0116:Missing function or method docstring
Low/tests/resources/test_harness/utils/sync_decorators.py:67:0:def sync_release_resources(device_dict, timeout=200):</system-err>
		</testcase>
		<testcase name="resources.test_harness.utils.sync_decorators:82:0" classname="pylint" class="convention" file="Low/tests/resources/test_harness/utils/sync_decorators.py" line="82">
			<failure type="failure" message="missing-function-docstring">C0116:Missing function or method docstring
Low/tests/resources/test_harness/utils/sync_decorators.py:82:0:def sync_assign_resources(device_dict):</failure>
			<system-out>Low/tests/resources/test_harness/utils/sync_decorators.py:82:0:def sync_assign_resources(device_dict):</system-out>
			<system-err>C0116:Missing function or method docstring
Low/tests/resources/test_harness/utils/sync_decorators.py:82:0:def sync_assign_resources(device_dict):</system-err>
		</testcase>
		<testcase name="resources.test_harness.utils.sync_decorators:108:0" classname="pylint" class="convention" file="Low/tests/resources/test_harness/utils/sync_decorators.py" line="108">
			<failure type="failure" message="missing-function-docstring">C0116:Missing function or method docstring
Low/tests/resources/test_harness/utils/sync_decorators.py:108:0:def sync_abort(device_dict, timeout=1000):</failure>
			<system-out>Low/tests/resources/test_harness/utils/sync_decorators.py:108:0:def sync_abort(device_dict, timeout=1000):</system-out>
			<system-err>C0116:Missing function or method docstring
Low/tests/resources/test_harness/utils/sync_decorators.py:108:0:def sync_abort(device_dict, timeout=1000):</system-err>
		</testcase>
		<testcase name="resources.test_harness.utils.sync_decorators:124:0" classname="pylint" class="convention" file="Low/tests/resources/test_harness/utils/sync_decorators.py" line="124">
			<failure type="failure" message="missing-function-docstring">C0116:Missing function or method docstring
Low/tests/resources/test_harness/utils/sync_decorators.py:124:0:def sync_restart(device_dict, timeout=500):</failure>
			<system-out>Low/tests/resources/test_harness/utils/sync_decorators.py:124:0:def sync_restart(device_dict, timeout=500):</system-out>
			<system-err>C0116:Missing function or method docstring
Low/tests/resources/test_harness/utils/sync_decorators.py:124:0:def sync_restart(device_dict, timeout=500):</system-err>
		</testcase>
		<testcase name="resources.test_harness.utils.sync_decorators:140:0" classname="pylint" class="convention" file="Low/tests/resources/test_harness/utils/sync_decorators.py" line="140">
			<failure type="failure" message="missing-function-docstring">C0116:Missing function or method docstring
Low/tests/resources/test_harness/utils/sync_decorators.py:140:0:def sync_configure(device_dict):</failure>
			<system-out>Low/tests/resources/test_harness/utils/sync_decorators.py:140:0:def sync_configure(device_dict):</system-out>
			<system-err>C0116:Missing function or method docstring
Low/tests/resources/test_harness/utils/sync_decorators.py:140:0:def sync_configure(device_dict):</system-err>
		</testcase>
		<testcase name="resources.test_harness.utils.sync_decorators:162:0" classname="pylint" class="convention" file="Low/tests/resources/test_harness/utils/sync_decorators.py" line="162">
			<failure type="failure" message="missing-function-docstring">C0116:Missing function or method docstring
Low/tests/resources/test_harness/utils/sync_decorators.py:162:0:def sync_end(device_dict):</failure>
			<system-out>Low/tests/resources/test_harness/utils/sync_decorators.py:162:0:def sync_end(device_dict):</system-out>
			<system-err>C0116:Missing function or method docstring
Low/tests/resources/test_harness/utils/sync_decorators.py:162:0:def sync_end(device_dict):</system-err>
		</testcase>
		<testcase name="resources.test_harness.utils.sync_decorators:178:0" classname="pylint" class="convention" file="Low/tests/resources/test_harness/utils/sync_decorators.py" line="178">
			<failure type="failure" message="missing-function-docstring">C0116:Missing function or method docstring
Low/tests/resources/test_harness/utils/sync_decorators.py:178:0:def sync_endscan(device_dict):</failure>
			<system-out>Low/tests/resources/test_harness/utils/sync_decorators.py:178:0:def sync_endscan(device_dict):</system-out>
			<system-err>C0116:Missing function or method docstring
Low/tests/resources/test_harness/utils/sync_decorators.py:178:0:def sync_endscan(device_dict):</system-err>
		</testcase>
		<testcase name="resources.test_harness.utils.sync_decorators:0:0" classname="pylint" file="Low/tests/resources/test_harness/utils/sync_decorators.py">
			<system-out>All checks passed for: Low/tests/resources/test_harness/utils/sync_decorators.py</system-out>
		</testcase>
	</testsuite>
	<testsuite disabled="0" errors="0" failures="20" name="resources.test_harness.utils.wait_helpers" skipped="0" tests="21" time="0">
		<testcase name="resources.test_harness.utils.wait_helpers:1:0" classname="pylint" class="convention" file="Low/tests/resources/test_harness/utils/wait_helpers.py" line="1">
			<failure type="failure" message="missing-module-docstring">C0114:Missing module docstring
Low/tests/resources/test_harness/utils/wait_helpers.py:1:0:import logging</failure>
			<system-out>Low/tests/resources/test_harness/utils/wait_helpers.py:1:0:import logging</system-out>
			<system-err>C0114:Missing module docstring
Low/tests/resources/test_harness/utils/wait_helpers.py:1:0:import logging</system-err>
		</testcase>
		<testcase name="resources.test_harness.utils.wait_helpers:5:0" classname="pylint" class="error" file="Low/tests/resources/test_harness/utils/wait_helpers.py" line="5">
			<failure type="failure" message="import-error">E0401:Unable to import 'tests.resources.test_support.common_utils.common_helpers'
Low/tests/resources/test_harness/utils/wait_helpers.py:5:0:from tests.resources.test_support.common_utils.common_helpers import (</failure>
			<system-out>Low/tests/resources/test_harness/utils/wait_helpers.py:5:0:from tests.resources.test_support.common_utils.common_helpers import (</system-out>
			<system-err>E0401:Unable to import 'tests.resources.test_support.common_utils.common_helpers'
Low/tests/resources/test_harness/utils/wait_helpers.py:5:0:from tests.resources.test_support.common_utils.common_helpers import (</system-err>
		</testcase>
		<testcase name="resources.test_harness.utils.wait_helpers:17:0" classname="pylint" class="convention" file="Low/tests/resources/test_harness/utils/wait_helpers.py" line="17">
			<failure type="failure" message="missing-class-docstring">C0115:Missing class docstring
Low/tests/resources/test_harness/utils/wait_helpers.py:17:0:class Waiter:</failure>
			<system-out>Low/tests/resources/test_harness/utils/wait_helpers.py:17:0:class Waiter:</system-out>
			<system-err>C0115:Missing class docstring
Low/tests/resources/test_harness/utils/wait_helpers.py:17:0:class Waiter:</system-err>
		</testcase>
		<testcase name="resources.test_harness.utils.wait_helpers:43:4" classname="pylint" class="convention" file="Low/tests/resources/test_harness/utils/wait_helpers.py" line="43">
			<failure type="failure" message="missing-function-docstring">C0116:Missing function or method docstring
Low/tests/resources/test_harness/utils/wait_helpers.py:43:4:def clear_watches(self):</failure>
			<system-out>Low/tests/resources/test_harness/utils/wait_helpers.py:43:4:def clear_watches(self):</system-out>
			<system-err>C0116:Missing function or method docstring
Low/tests/resources/test_harness/utils/wait_helpers.py:43:4:def clear_watches(self):</system-err>
		</testcase>
		<testcase name="resources.test_harness.utils.wait_helpers:46:4" classname="pylint" class="convention" file="Low/tests/resources/test_harness/utils/wait_helpers.py" line="46">
			<failure type="failure" message="missing-function-docstring">C0116:Missing function or method docstring
Low/tests/resources/test_harness/utils/wait_helpers.py:46:4:def set_wait_for_going_to_off(self):</failure>
			<system-out>Low/tests/resources/test_harness/utils/wait_helpers.py:46:4:def set_wait_for_going_to_off(self):</system-out>
			<system-err>C0116:Missing function or method docstring
Low/tests/resources/test_harness/utils/wait_helpers.py:46:4:def set_wait_for_going_to_off(self):</system-err>
		</testcase>
		<testcase name="resources.test_harness.utils.wait_helpers:79:4" classname="pylint" class="convention" file="Low/tests/resources/test_harness/utils/wait_helpers.py" line="79">
			<failure type="failure" message="missing-function-docstring">C0116:Missing function or method docstring
Low/tests/resources/test_harness/utils/wait_helpers.py:79:4:def set_wait_for_going_to_standby(self):</failure>
			<system-out>Low/tests/resources/test_harness/utils/wait_helpers.py:79:4:def set_wait_for_going_to_standby(self):</system-out>
			<system-err>C0116:Missing function or method docstring
Low/tests/resources/test_harness/utils/wait_helpers.py:79:4:def set_wait_for_going_to_standby(self):</system-err>
		</testcase>
		<testcase name="resources.test_harness.utils.wait_helpers:101:4" classname="pylint" class="convention" file="Low/tests/resources/test_harness/utils/wait_helpers.py" line="101">
			<failure type="failure" message="missing-function-docstring">C0116:Missing function or method docstring
Low/tests/resources/test_harness/utils/wait_helpers.py:101:4:def set_wait_for_telescope_on(self):</failure>
			<system-out>Low/tests/resources/test_harness/utils/wait_helpers.py:101:4:def set_wait_for_telescope_on(self):</system-out>
			<system-err>C0116:Missing function or method docstring
Low/tests/resources/test_harness/utils/wait_helpers.py:101:4:def set_wait_for_telescope_on(self):</system-err>
		</testcase>
		<testcase name="resources.test_harness.utils.wait_helpers:151:4" classname="pylint" class="convention" file="Low/tests/resources/test_harness/utils/wait_helpers.py" line="151">
			<failure type="failure" message="missing-function-docstring">C0116:Missing function or method docstring
Low/tests/resources/test_harness/utils/wait_helpers.py:151:4:def set_wait_for_going_to_empty(self):</failure>
			<system-out>Low/tests/resources/test_harness/utils/wait_helpers.py:151:4:def set_wait_for_going_to_empty(self):</system-out>
			<system-err>C0116:Missing function or method docstring
Low/tests/resources/test_harness/utils/wait_helpers.py:151:4:def set_wait_for_going_to_empty(self):</system-err>
		</testcase>
		<testcase name="resources.test_harness.utils.wait_helpers:188:4" classname="pylint" class="convention" file="Low/tests/resources/test_harness/utils/wait_helpers.py" line="188">
			<failure type="failure" message="missing-function-docstring">C0116:Missing function or method docstring
Low/tests/resources/test_harness/utils/wait_helpers.py:188:4:def set_wait_for_assign_resources(self):</failure>
			<system-out>Low/tests/resources/test_harness/utils/wait_helpers.py:188:4:def set_wait_for_assign_resources(self):</system-out>
			<system-err>C0116:Missing function or method docstring
Low/tests/resources/test_harness/utils/wait_helpers.py:188:4:def set_wait_for_assign_resources(self):</system-err>
		</testcase>
		<testcase name="resources.test_harness.utils.wait_helpers:221:4" classname="pylint" class="convention" file="Low/tests/resources/test_harness/utils/wait_helpers.py" line="221">
			<failure type="failure" message="missing-function-docstring">C0116:Missing function or method docstring
Low/tests/resources/test_harness/utils/wait_helpers.py:221:4:def set_wait_for_configuring(self):</failure>
			<system-out>Low/tests/resources/test_harness/utils/wait_helpers.py:221:4:def set_wait_for_configuring(self):</system-out>
			<system-err>C0116:Missing function or method docstring
Low/tests/resources/test_harness/utils/wait_helpers.py:221:4:def set_wait_for_configuring(self):</system-err>
		</testcase>
		<testcase name="resources.test_harness.utils.wait_helpers:228:4" classname="pylint" class="convention" file="Low/tests/resources/test_harness/utils/wait_helpers.py" line="228">
			<failure type="failure" message="missing-function-docstring">C0116:Missing function or method docstring
Low/tests/resources/test_harness/utils/wait_helpers.py:228:4:def set_wait_for_obs_state(self, obs_state=None):</failure>
			<system-out>Low/tests/resources/test_harness/utils/wait_helpers.py:228:4:def set_wait_for_obs_state(self, obs_state=None):</system-out>
			<system-err>C0116:Missing function or method docstring
Low/tests/resources/test_harness/utils/wait_helpers.py:228:4:def set_wait_for_obs_state(self, obs_state=None):</system-err>
		</testcase>
		<testcase name="resources.test_harness.utils.wait_helpers:261:4" classname="pylint" class="convention" file="Low/tests/resources/test_harness/utils/wait_helpers.py" line="261">
			<failure type="failure" message="missing-function-docstring">C0116:Missing function or method docstring
Low/tests/resources/test_harness/utils/wait_helpers.py:261:4:def set_wait_for_configure(self):</failure>
			<system-out>Low/tests/resources/test_harness/utils/wait_helpers.py:261:4:def set_wait_for_configure(self):</system-out>
			<system-err>C0116:Missing function or method docstring
Low/tests/resources/test_harness/utils/wait_helpers.py:261:4:def set_wait_for_configure(self):</system-err>
		</testcase>
		<testcase name="resources.test_harness.utils.wait_helpers:294:4" classname="pylint" class="convention" file="Low/tests/resources/test_harness/utils/wait_helpers.py" line="294">
			<failure type="failure" message="missing-function-docstring">C0116:Missing function or method docstring
Low/tests/resources/test_harness/utils/wait_helpers.py:294:4:def set_wait_for_idle(self):</failure>
			<system-out>Low/tests/resources/test_harness/utils/wait_helpers.py:294:4:def set_wait_for_idle(self):</system-out>
			<system-err>C0116:Missing function or method docstring
Low/tests/resources/test_harness/utils/wait_helpers.py:294:4:def set_wait_for_idle(self):</system-err>
		</testcase>
		<testcase name="resources.test_harness.utils.wait_helpers:326:4" classname="pylint" class="convention" file="Low/tests/resources/test_harness/utils/wait_helpers.py" line="326">
			<failure type="failure" message="missing-function-docstring">C0116:Missing function or method docstring
Low/tests/resources/test_harness/utils/wait_helpers.py:326:4:def set_wait_for_aborted(self):</failure>
			<system-out>Low/tests/resources/test_harness/utils/wait_helpers.py:326:4:def set_wait_for_aborted(self):</system-out>
			<system-err>C0116:Missing function or method docstring
Low/tests/resources/test_harness/utils/wait_helpers.py:326:4:def set_wait_for_aborted(self):</system-err>
		</testcase>
		<testcase name="resources.test_harness.utils.wait_helpers:333:4" classname="pylint" class="convention" file="Low/tests/resources/test_harness/utils/wait_helpers.py" line="333">
			<failure type="failure" message="missing-function-docstring">C0116:Missing function or method docstring
Low/tests/resources/test_harness/utils/wait_helpers.py:333:4:def set_wait_for_ready(self):</failure>
			<system-out>Low/tests/resources/test_harness/utils/wait_helpers.py:333:4:def set_wait_for_ready(self):</system-out>
			<system-err>C0116:Missing function or method docstring
Low/tests/resources/test_harness/utils/wait_helpers.py:333:4:def set_wait_for_ready(self):</system-err>
		</testcase>
		<testcase name="resources.test_harness.utils.wait_helpers:375:4" classname="pylint" class="convention" file="Low/tests/resources/test_harness/utils/wait_helpers.py" line="375">
			<failure type="failure" message="missing-function-docstring">C0116:Missing function or method docstring
Low/tests/resources/test_harness/utils/wait_helpers.py:375:4:def set_wait_for_scanning(self):</failure>
			<system-out>Low/tests/resources/test_harness/utils/wait_helpers.py:375:4:def set_wait_for_scanning(self):</system-out>
			<system-err>C0116:Missing function or method docstring
Low/tests/resources/test_harness/utils/wait_helpers.py:375:4:def set_wait_for_scanning(self):</system-err>
		</testcase>
		<testcase name="resources.test_harness.utils.wait_helpers:407:4" classname="pylint" class="convention" file="Low/tests/resources/test_harness/utils/wait_helpers.py" line="407">
			<failure type="failure" message="missing-function-docstring">C0116:Missing function or method docstring
Low/tests/resources/test_harness/utils/wait_helpers.py:407:4:def wait(self, timeout=30, resolution=0.1):</failure>
			<system-out>Low/tests/resources/test_harness/utils/wait_helpers.py:407:4:def wait(self, timeout=30, resolution=0.1):</system-out>
			<system-err>C0116:Missing function or method docstring
Low/tests/resources/test_harness/utils/wait_helpers.py:407:4:def wait(self, timeout=30, resolution=0.1):</system-err>
		</testcase>
		<testcase name="resources.test_harness.utils.wait_helpers:424:35" classname="pylint" class="convention" file="Low/tests/resources/test_harness/utils/wait_helpers.py" line="424">
			<failure type="failure" message="consider-using-f-string">C0209:Formatting a regular string which could be a f-string
Low/tests/resources/test_harness/utils/wait_helpers.py:424:35:self.error_logs += &quot;{} timed out whilst waiting for {} to \</failure>
			<system-out>Low/tests/resources/test_harness/utils/wait_helpers.py:424:35:self.error_logs += &quot;{} timed out whilst waiting for {} to \</system-out>
			<system-err>C0209:Formatting a regular string which could be a f-string
Low/tests/resources/test_harness/utils/wait_helpers.py:424:35:self.error_logs += &quot;{} timed out whilst waiting for {} to \</system-err>
		</testcase>
		<testcase name="resources.test_harness.utils.wait_helpers:443:20" classname="pylint" class="convention" file="Low/tests/resources/test_harness/utils/wait_helpers.py" line="443">
			<failure type="failure" message="consider-using-f-string">C0209:Formatting a regular string which could be a f-string
Low/tests/resources/test_harness/utils/wait_helpers.py:443:20:&quot;{} changed {} from {} to {} after {:f}s \n&quot;.format(</failure>
			<system-out>Low/tests/resources/test_harness/utils/wait_helpers.py:443:20:&quot;{} changed {} from {} to {} after {:f}s \n&quot;.format(</system-out>
			<system-err>C0209:Formatting a regular string which could be a f-string
Low/tests/resources/test_harness/utils/wait_helpers.py:443:20:&quot;{} changed {} from {} to {} after {:f}s \n&quot;.format(</system-err>
		</testcase>
		<testcase name="resources.test_harness.utils.wait_helpers:453:16" classname="pylint" class="convention" file="Low/tests/resources/test_harness/utils/wait_helpers.py" line="453">
			<failure type="failure" message="consider-using-f-string">C0209:Formatting a regular string which could be a f-string
Low/tests/resources/test_harness/utils/wait_helpers.py:453:16:&quot;timed out, the following timeouts ocurred:\n{} Successful\</failure>
			<system-out>Low/tests/resources/test_harness/utils/wait_helpers.py:453:16:&quot;timed out, the following timeouts ocurred:\n{} Successful\</system-out>
			<system-err>C0209:Formatting a regular string which could be a f-string
Low/tests/resources/test_harness/utils/wait_helpers.py:453:16:&quot;timed out, the following timeouts ocurred:\n{} Successful\</system-err>
		</testcase>
		<testcase name="resources.test_harness.utils.wait_helpers:0:0" classname="pylint" file="Low/tests/resources/test_harness/utils/wait_helpers.py">
			<system-out>All checks passed for: Low/tests/resources/test_harness/utils/wait_helpers.py</system-out>
		</testcase>
	</testsuite>
	<testsuite disabled="0" errors="0" failures="0" name="resources.test_harness.utils.constant" skipped="0" tests="1" time="0">
		<testcase name="resources.test_harness.utils.constant:0:0" classname="pylint" file="Low/tests/resources/test_harness/utils/constant.py">
			<system-out>All checks passed for: Low/tests/resources/test_harness/utils/constant.py</system-out>
		</testcase>
	</testsuite>
	<testsuite disabled="0" errors="0" failures="0" name="tmc_mccs.test_xtp-31005_mccs_endscan" skipped="0" tests="1" time="0">
		<testcase name="tmc_mccs.test_xtp-31005_mccs_endscan:0:0" classname="pylint" file="Low/tests/tmc_mccs/test_xtp-31005_mccs_endscan.py">
			<system-out>All checks passed for: Low/tests/tmc_mccs/test_xtp-31005_mccs_endscan.py</system-out>
		</testcase>
	</testsuite>
	<testsuite disabled="0" errors="0" failures="0" name="tmc_mccs.test_xtp-33992_mccs_off_command" skipped="0" tests="1" time="0">
		<testcase name="tmc_mccs.test_xtp-33992_mccs_off_command:0:0" classname="pylint" file="Low/tests/tmc_mccs/test_xtp-33992_mccs_off_command.py">
			<system-out>All checks passed for: Low/tests/tmc_mccs/test_xtp-33992_mccs_off_command.py</system-out>
		</testcase>
	</testsuite>
	<testsuite disabled="0" errors="0" failures="0" name="tmc_mccs.__init__" skipped="0" tests="1" time="0">
		<testcase name="tmc_mccs.__init__:0:0" classname="pylint" file="Low/tests/tmc_mccs/__init__.py">
			<system-out>All checks passed for: Low/tests/tmc_mccs/__init__.py</system-out>
		</testcase>
	</testsuite>
	<testsuite disabled="0" errors="0" failures="0" name="tmc_mccs.test_xtp-53197_abort_in_idle_and_ready" skipped="0" tests="1" time="0">
		<testcase name="tmc_mccs.test_xtp-53197_abort_in_idle_and_ready:0:0" classname="pylint" file="Low/tests/tmc_mccs/test_xtp-53197_abort_in_idle_and_ready.py">
			<system-out>All checks passed for: Low/tests/tmc_mccs/test_xtp-53197_abort_in_idle_and_ready.py</system-out>
		</testcase>
	</testsuite>
	<testsuite disabled="0" errors="0" failures="0" name="tmc_mccs.test_xtp-53192_abort_in_configuring" skipped="0" tests="1" time="0">
		<testcase name="tmc_mccs.test_xtp-53192_abort_in_configuring:0:0" classname="pylint" file="Low/tests/tmc_mccs/test_xtp-53192_abort_in_configuring.py">
			<system-out>All checks passed for: Low/tests/tmc_mccs/test_xtp-53192_abort_in_configuring.py</system-out>
		</testcase>
	</testsuite>
	<testsuite disabled="0" errors="0" failures="0" name="tmc_mccs.test_xtp-53188_abort_in_resourcing" skipped="0" tests="1" time="0">
		<testcase name="tmc_mccs.test_xtp-53188_abort_in_resourcing:0:0" classname="pylint" file="Low/tests/tmc_mccs/test_xtp-53188_abort_in_resourcing.py">
			<system-out>All checks passed for: Low/tests/tmc_mccs/test_xtp-53188_abort_in_resourcing.py</system-out>
		</testcase>
	</testsuite>
	<testsuite disabled="0" errors="0" failures="0" name="tmc_mccs.test_xtp-53194_abort_in_scanning" skipped="0" tests="1" time="0">
		<testcase name="tmc_mccs.test_xtp-53194_abort_in_scanning:0:0" classname="pylint" file="Low/tests/tmc_mccs/test_xtp-53194_abort_in_scanning.py">
			<system-out>All checks passed for: Low/tests/tmc_mccs/test_xtp-53194_abort_in_scanning.py</system-out>
		</testcase>
	</testsuite>
	<testsuite disabled="0" errors="0" failures="0" name="tmc_mccs.test_xtp-30608_mccs_release_resources" skipped="0" tests="1" time="0">
		<testcase name="tmc_mccs.test_xtp-30608_mccs_release_resources:0:0" classname="pylint" file="Low/tests/tmc_mccs/test_xtp-30608_mccs_release_resources.py">
			<system-out>All checks passed for: Low/tests/tmc_mccs/test_xtp-30608_mccs_release_resources.py</system-out>
		</testcase>
	</testsuite>
	<testsuite disabled="0" errors="0" failures="1" name="tmc_mccs.test_xtp-34965_healthstate_mccs" skipped="0" tests="2" time="0">
		<testcase name="tmc_mccs.test_xtp-34965_healthstate_mccs:12:0" classname="pylint" class="error" file="Low/tests/tmc_mccs/test_xtp-34965_healthstate_mccs.py" line="12">
			<failure type="failure" message="import-error">E0401:Unable to import 'tests.resources.test_harness.simulator_factory'
Low/tests/tmc_mccs/test_xtp-34965_healthstate_mccs.py:12:0:from tests.resources.test_harness.simulator_factory import SimulatorFactory</failure>
			<system-out>Low/tests/tmc_mccs/test_xtp-34965_healthstate_mccs.py:12:0:from tests.resources.test_harness.simulator_factory import SimulatorFactory</system-out>
			<system-err>E0401:Unable to import 'tests.resources.test_harness.simulator_factory'
Low/tests/tmc_mccs/test_xtp-34965_healthstate_mccs.py:12:0:from tests.resources.test_harness.simulator_factory import SimulatorFactory</system-err>
		</testcase>
		<testcase name="tmc_mccs.test_xtp-34965_healthstate_mccs:0:0" classname="pylint" file="Low/tests/tmc_mccs/test_xtp-34965_healthstate_mccs.py">
			<system-out>All checks passed for: Low/tests/tmc_mccs/test_xtp-34965_healthstate_mccs.py</system-out>
		</testcase>
	</testsuite>
	<testsuite disabled="0" errors="0" failures="2" name="tmc_mccs.test_xtp-35236_mccs_subsystem_unavailable" skipped="0" tests="3" time="0">
		<testcase name="tmc_mccs.test_xtp-35236_mccs_subsystem_unavailable:15:0" classname="pylint" class="error" file="Low/tests/tmc_mccs/test_xtp-35236_mccs_subsystem_unavailable.py" line="15">
			<failure type="failure" message="import-error">E0401:Unable to import 'tests.resources.test_harness.helpers'
Low/tests/tmc_mccs/test_xtp-35236_mccs_subsystem_unavailable.py:15:0:from tests.resources.test_harness.helpers import (</failure>
			<system-out>Low/tests/tmc_mccs/test_xtp-35236_mccs_subsystem_unavailable.py:15:0:from tests.resources.test_harness.helpers import (</system-out>
			<system-err>E0401:Unable to import 'tests.resources.test_harness.helpers'
Low/tests/tmc_mccs/test_xtp-35236_mccs_subsystem_unavailable.py:15:0:from tests.resources.test_harness.helpers import (</system-err>
		</testcase>
		<testcase name="tmc_mccs.test_xtp-35236_mccs_subsystem_unavailable:18:0" classname="pylint" class="error" file="Low/tests/tmc_mccs/test_xtp-35236_mccs_subsystem_unavailable.py" line="18">
			<failure type="failure" message="import-error">E0401:Unable to import 'tests.resources.test_support.common_utils.tmc_helpers'
Low/tests/tmc_mccs/test_xtp-35236_mccs_subsystem_unavailable.py:18:0:from tests.resources.test_support.common_utils.tmc_helpers import (</failure>
			<system-out>Low/tests/tmc_mccs/test_xtp-35236_mccs_subsystem_unavailable.py:18:0:from tests.resources.test_support.common_utils.tmc_helpers import (</system-out>
			<system-err>E0401:Unable to import 'tests.resources.test_support.common_utils.tmc_helpers'
Low/tests/tmc_mccs/test_xtp-35236_mccs_subsystem_unavailable.py:18:0:from tests.resources.test_support.common_utils.tmc_helpers import (</system-err>
		</testcase>
		<testcase name="tmc_mccs.test_xtp-35236_mccs_subsystem_unavailable:0:0" classname="pylint" file="Low/tests/tmc_mccs/test_xtp-35236_mccs_subsystem_unavailable.py">
			<system-out>All checks passed for: Low/tests/tmc_mccs/test_xtp-35236_mccs_subsystem_unavailable.py</system-out>
		</testcase>
	</testsuite>
	<testsuite disabled="0" errors="0" failures="2" name="tmc_mccs.test_xtp-31010_mccs_end_command" skipped="0" tests="3" time="0">
		<testcase name="tmc_mccs.test_xtp-31010_mccs_end_command:9:0" classname="pylint" class="error" file="Low/tests/tmc_mccs/test_xtp-31010_mccs_end_command.py" line="9">
			<failure type="failure" message="import-error">E0401:Unable to import 'tests.resources.test_harness.event_recorder'
Low/tests/tmc_mccs/test_xtp-31010_mccs_end_command.py:9:0:from tests.resources.test_harness.event_recorder import EventRecorder</failure>
			<system-out>Low/tests/tmc_mccs/test_xtp-31010_mccs_end_command.py:9:0:from tests.resources.test_harness.event_recorder import EventRecorder</system-out>
			<system-err>E0401:Unable to import 'tests.resources.test_harness.event_recorder'
Low/tests/tmc_mccs/test_xtp-31010_mccs_end_command.py:9:0:from tests.resources.test_harness.event_recorder import EventRecorder</system-err>
		</testcase>
		<testcase name="tmc_mccs.test_xtp-31010_mccs_end_command:10:0" classname="pylint" class="error" file="Low/tests/tmc_mccs/test_xtp-31010_mccs_end_command.py" line="10">
			<failure type="failure" message="import-error">E0401:Unable to import 'tests.resources.test_harness.helpers'
Low/tests/tmc_mccs/test_xtp-31010_mccs_end_command.py:10:0:from tests.resources.test_harness.helpers import (</failure>
			<system-out>Low/tests/tmc_mccs/test_xtp-31010_mccs_end_command.py:10:0:from tests.resources.test_harness.helpers import (</system-out>
			<system-err>E0401:Unable to import 'tests.resources.test_harness.helpers'
Low/tests/tmc_mccs/test_xtp-31010_mccs_end_command.py:10:0:from tests.resources.test_harness.helpers import (</system-err>
		</testcase>
		<testcase name="tmc_mccs.test_xtp-31010_mccs_end_command:0:0" classname="pylint" file="Low/tests/tmc_mccs/test_xtp-31010_mccs_end_command.py">
			<system-out>All checks passed for: Low/tests/tmc_mccs/test_xtp-31010_mccs_end_command.py</system-out>
		</testcase>
	</testsuite>
	<testsuite disabled="0" errors="0" failures="0" name="tmc_mccs.test_xtp-30490_mccs_assign_resources" skipped="0" tests="1" time="0">
		<testcase name="tmc_mccs.test_xtp-30490_mccs_assign_resources:0:0" classname="pylint" file="Low/tests/tmc_mccs/test_xtp-30490_mccs_assign_resources.py">
			<system-out>All checks passed for: Low/tests/tmc_mccs/test_xtp-30490_mccs_assign_resources.py</system-out>
		</testcase>
	</testsuite>
	<testsuite disabled="0" errors="0" failures="0" name="tmc_mccs.test_xtp-31001_mccs_scan" skipped="0" tests="1" time="0">
		<testcase name="tmc_mccs.test_xtp-31001_mccs_scan:0:0" classname="pylint" file="Low/tests/tmc_mccs/test_xtp-31001_mccs_scan.py">
			<system-out>All checks passed for: Low/tests/tmc_mccs/test_xtp-31001_mccs_scan.py</system-out>
		</testcase>
	</testsuite>
	<testsuite disabled="0" errors="0" failures="0" name="tmc_mccs.test_xtp-31009_mccs_configure_command" skipped="0" tests="1" time="0">
		<testcase name="tmc_mccs.test_xtp-31009_mccs_configure_command:0:0" classname="pylint" file="Low/tests/tmc_mccs/test_xtp-31009_mccs_configure_command.py">
			<system-out>All checks passed for: Low/tests/tmc_mccs/test_xtp-31009_mccs_configure_command.py</system-out>
		</testcase>
	</testsuite>
	<testsuite disabled="0" errors="0" failures="0" name="tmc_mccs.test_xtp-33991_mccs_on_command" skipped="0" tests="1" time="0">
		<testcase name="tmc_mccs.test_xtp-33991_mccs_on_command:0:0" classname="pylint" file="Low/tests/tmc_mccs/test_xtp-33991_mccs_on_command.py">
			<system-out>All checks passed for: Low/tests/tmc_mccs/test_xtp-33991_mccs_on_command.py</system-out>
		</testcase>
	</testsuite>
	<testsuite disabled="0" errors="0" failures="0" name="tmc_mccs.test_xtp-34263_invalid_station_id_mccs" skipped="0" tests="1" time="0">
		<testcase name="tmc_mccs.test_xtp-34263_invalid_station_id_mccs:0:0" classname="pylint" file="Low/tests/tmc_mccs/test_xtp-34263_invalid_station_id_mccs.py">
			<system-out>All checks passed for: Low/tests/tmc_mccs/test_xtp-34263_invalid_station_id_mccs.py</system-out>
		</testcase>
	</testsuite>
	<testsuite disabled="0" errors="0" failures="0" name="tmc_csp.test_xtp-29657_csp_assign_resources" skipped="0" tests="1" time="0">
		<testcase name="tmc_csp.test_xtp-29657_csp_assign_resources:0:0" classname="pylint" file="Low/tests/tmc_csp/test_xtp-29657_csp_assign_resources.py">
			<system-out>All checks passed for: Low/tests/tmc_csp/test_xtp-29657_csp_assign_resources.py</system-out>
		</testcase>
	</testsuite>
	<testsuite disabled="0" errors="0" failures="0" name="tmc_csp.test_xtp_30155_abort_in_scanning" skipped="0" tests="1" time="0">
		<testcase name="tmc_csp.test_xtp_30155_abort_in_scanning:0:0" classname="pylint" file="Low/tests/tmc_csp/test_xtp_30155_abort_in_scanning.py">
			<system-out>All checks passed for: Low/tests/tmc_csp/test_xtp_30155_abort_in_scanning.py</system-out>
		</testcase>
	</testsuite>
	<testsuite disabled="0" errors="0" failures="2" name="tmc_csp.test_xtp-29855_end" skipped="0" tests="3" time="0">
		<testcase name="tmc_csp.test_xtp-29855_end:9:0" classname="pylint" class="error" file="Low/tests/tmc_csp/test_xtp-29855_end.py" line="9">
			<failure type="failure" message="import-error">E0401:Unable to import 'tests.resources.test_harness.event_recorder'
Low/tests/tmc_csp/test_xtp-29855_end.py:9:0:from tests.resources.test_harness.event_recorder import EventRecorder</failure>
			<system-out>Low/tests/tmc_csp/test_xtp-29855_end.py:9:0:from tests.resources.test_harness.event_recorder import EventRecorder</system-out>
			<system-err>E0401:Unable to import 'tests.resources.test_harness.event_recorder'
Low/tests/tmc_csp/test_xtp-29855_end.py:9:0:from tests.resources.test_harness.event_recorder import EventRecorder</system-err>
		</testcase>
		<testcase name="tmc_csp.test_xtp-29855_end:10:0" classname="pylint" class="error" file="Low/tests/tmc_csp/test_xtp-29855_end.py" line="10">
			<failure type="failure" message="import-error">E0401:Unable to import 'tests.resources.test_harness.helpers'
Low/tests/tmc_csp/test_xtp-29855_end.py:10:0:from tests.resources.test_harness.helpers import (</failure>
			<system-out>Low/tests/tmc_csp/test_xtp-29855_end.py:10:0:from tests.resources.test_harness.helpers import (</system-out>
			<system-err>E0401:Unable to import 'tests.resources.test_harness.helpers'
Low/tests/tmc_csp/test_xtp-29855_end.py:10:0:from tests.resources.test_harness.helpers import (</system-err>
		</testcase>
		<testcase name="tmc_csp.test_xtp-29855_end:0:0" classname="pylint" file="Low/tests/tmc_csp/test_xtp-29855_end.py">
			<system-out>All checks passed for: Low/tests/tmc_csp/test_xtp-29855_end.py</system-out>
		</testcase>
	</testsuite>
	<testsuite disabled="0" errors="0" failures="1" name="tmc_csp.test_xtp-29854_configure" skipped="0" tests="2" time="0">
		<testcase name="tmc_csp.test_xtp-29854_configure:11:0" classname="pylint" class="error" file="Low/tests/tmc_csp/test_xtp-29854_configure.py" line="11">
			<failure type="failure" message="import-error">E0401:Unable to import 'tests.resources.test_harness.helpers'
Low/tests/tmc_csp/test_xtp-29854_configure.py:11:0:from tests.resources.test_harness.helpers import (</failure>
			<system-out>Low/tests/tmc_csp/test_xtp-29854_configure.py:11:0:from tests.resources.test_harness.helpers import (</system-out>
			<system-err>E0401:Unable to import 'tests.resources.test_harness.helpers'
Low/tests/tmc_csp/test_xtp-29854_configure.py:11:0:from tests.resources.test_harness.helpers import (</system-err>
		</testcase>
		<testcase name="tmc_csp.test_xtp-29854_configure:0:0" classname="pylint" file="Low/tests/tmc_csp/test_xtp-29854_configure.py">
			<system-out>All checks passed for: Low/tests/tmc_csp/test_xtp-29854_configure.py</system-out>
		</testcase>
	</testsuite>
	<testsuite disabled="0" errors="0" failures="0" name="tmc_csp.__init__" skipped="0" tests="1" time="0">
		<testcase name="tmc_csp.__init__:0:0" classname="pylint" file="Low/tests/tmc_csp/__init__.py">
			<system-out>All checks passed for: Low/tests/tmc_csp/__init__.py</system-out>
		</testcase>
	</testsuite>
	<testsuite disabled="0" errors="0" failures="0" name="tmc_csp.test_xtp-29735_csp_release_resources" skipped="0" tests="1" time="0">
		<testcase name="tmc_csp.test_xtp-29735_csp_release_resources:0:0" classname="pylint" file="Low/tests/tmc_csp/test_xtp-29735_csp_release_resources.py">
			<system-out>All checks passed for: Low/tests/tmc_csp/test_xtp-29735_csp_release_resources.py</system-out>
		</testcase>
	</testsuite>
	<testsuite disabled="0" errors="0" failures="0" name="tmc_csp.test_xtp_30167_restart_in_aborted" skipped="0" tests="1" time="0">
		<testcase name="tmc_csp.test_xtp_30167_restart_in_aborted:0:0" classname="pylint" file="Low/tests/tmc_csp/test_xtp_30167_restart_in_aborted.py">
			<system-out>All checks passed for: Low/tests/tmc_csp/test_xtp_30167_restart_in_aborted.py</system-out>
		</testcase>
	</testsuite>
	<testsuite disabled="0" errors="0" failures="1" name="tmc_csp.test_xtp_30147_abort_in_resourcing" skipped="0" tests="2" time="0">
		<testcase name="tmc_csp.test_xtp_30147_abort_in_resourcing:8:0" classname="pylint" class="error" file="Low/tests/tmc_csp/test_xtp_30147_abort_in_resourcing.py" line="8">
			<failure type="failure" message="import-error">E0401:Unable to import 'tests.resources.test_support.common_utils.tmc_helpers'
Low/tests/tmc_csp/test_xtp_30147_abort_in_resourcing.py:8:0:from tests.resources.test_support.common_utils.tmc_helpers import (</failure>
			<system-out>Low/tests/tmc_csp/test_xtp_30147_abort_in_resourcing.py:8:0:from tests.resources.test_support.common_utils.tmc_helpers import (</system-out>
			<system-err>E0401:Unable to import 'tests.resources.test_support.common_utils.tmc_helpers'
Low/tests/tmc_csp/test_xtp_30147_abort_in_resourcing.py:8:0:from tests.resources.test_support.common_utils.tmc_helpers import (</system-err>
		</testcase>
		<testcase name="tmc_csp.test_xtp_30147_abort_in_resourcing:0:0" classname="pylint" file="Low/tests/tmc_csp/test_xtp_30147_abort_in_resourcing.py">
			<system-out>All checks passed for: Low/tests/tmc_csp/test_xtp_30147_abort_in_resourcing.py</system-out>
		</testcase>
	</testsuite>
	<testsuite disabled="0" errors="0" failures="0" name="tmc_csp.test_standby_csp" skipped="0" tests="1" time="0">
		<testcase name="tmc_csp.test_standby_csp:0:0" classname="pylint" file="Low/tests/tmc_csp/test_standby_csp.py">
			<system-out>All checks passed for: Low/tests/tmc_csp/test_standby_csp.py</system-out>
		</testcase>
	</testsuite>
	<testsuite disabled="0" errors="0" failures="4" name="tmc_csp.test_xtp-30014_endscan_csp" skipped="0" tests="5" time="0">
		<testcase name="tmc_csp.test_xtp-30014_endscan_csp:8:0" classname="pylint" class="error" file="Low/tests/tmc_csp/test_xtp-30014_endscan_csp.py" line="8">
			<failure type="failure" message="import-error">E0401:Unable to import 'tests.resources.test_harness.central_node_low'
Low/tests/tmc_csp/test_xtp-30014_endscan_csp.py:8:0:from tests.resources.test_harness.central_node_low import CentralNodeWrapperLow</failure>
			<system-out>Low/tests/tmc_csp/test_xtp-30014_endscan_csp.py:8:0:from tests.resources.test_harness.central_node_low import CentralNodeWrapperLow</system-out>
			<system-err>E0401:Unable to import 'tests.resources.test_harness.central_node_low'
Low/tests/tmc_csp/test_xtp-30014_endscan_csp.py:8:0:from tests.resources.test_harness.central_node_low import CentralNodeWrapperLow</system-err>
		</testcase>
		<testcase name="tmc_csp.test_xtp-30014_endscan_csp:9:0" classname="pylint" class="error" file="Low/tests/tmc_csp/test_xtp-30014_endscan_csp.py" line="9">
			<failure type="failure" message="import-error">E0401:Unable to import 'tests.resources.test_harness.event_recorder'
Low/tests/tmc_csp/test_xtp-30014_endscan_csp.py:9:0:from tests.resources.test_harness.event_recorder import EventRecorder</failure>
			<system-out>Low/tests/tmc_csp/test_xtp-30014_endscan_csp.py:9:0:from tests.resources.test_harness.event_recorder import EventRecorder</system-out>
			<system-err>E0401:Unable to import 'tests.resources.test_harness.event_recorder'
Low/tests/tmc_csp/test_xtp-30014_endscan_csp.py:9:0:from tests.resources.test_harness.event_recorder import EventRecorder</system-err>
		</testcase>
		<testcase name="tmc_csp.test_xtp-30014_endscan_csp:10:0" classname="pylint" class="error" file="Low/tests/tmc_csp/test_xtp-30014_endscan_csp.py" line="10">
			<failure type="failure" message="import-error">E0401:Unable to import 'tests.resources.test_harness.helpers'
Low/tests/tmc_csp/test_xtp-30014_endscan_csp.py:10:0:from tests.resources.test_harness.helpers import (</failure>
			<system-out>Low/tests/tmc_csp/test_xtp-30014_endscan_csp.py:10:0:from tests.resources.test_harness.helpers import (</system-out>
			<system-err>E0401:Unable to import 'tests.resources.test_harness.helpers'
Low/tests/tmc_csp/test_xtp-30014_endscan_csp.py:10:0:from tests.resources.test_harness.helpers import (</system-err>
		</testcase>
		<testcase name="tmc_csp.test_xtp-30014_endscan_csp:14:0" classname="pylint" class="error" file="Low/tests/tmc_csp/test_xtp-30014_endscan_csp.py" line="14">
			<failure type="failure" message="import-error">E0401:Unable to import 'tests.resources.test_harness.utils.common_utils'
Low/tests/tmc_csp/test_xtp-30014_endscan_csp.py:14:0:from tests.resources.test_harness.utils.common_utils import JsonFactory</failure>
			<system-out>Low/tests/tmc_csp/test_xtp-30014_endscan_csp.py:14:0:from tests.resources.test_harness.utils.common_utils import JsonFactory</system-out>
			<system-err>E0401:Unable to import 'tests.resources.test_harness.utils.common_utils'
Low/tests/tmc_csp/test_xtp-30014_endscan_csp.py:14:0:from tests.resources.test_harness.utils.common_utils import JsonFactory</system-err>
		</testcase>
		<testcase name="tmc_csp.test_xtp-30014_endscan_csp:0:0" classname="pylint" file="Low/tests/tmc_csp/test_xtp-30014_endscan_csp.py">
			<system-out>All checks passed for: Low/tests/tmc_csp/test_xtp-30014_endscan_csp.py</system-out>
		</testcase>
	</testsuite>
	<testsuite disabled="0" errors="0" failures="5" name="tmc_csp.test_xtp_60175_skb_476" skipped="0" tests="6" time="0">
		<testcase name="tmc_csp.test_xtp_60175_skb_476:17:0" classname="pylint" class="error" file="Low/tests/tmc_csp/test_xtp_60175_skb_476.py" line="17">
			<failure type="failure" message="import-error">E0401:Unable to import 'tests.resources.test_harness.central_node_with_csp_low'
Low/tests/tmc_csp/test_xtp_60175_skb_476.py:17:0:from tests.resources.test_harness.central_node_with_csp_low import (</failure>
			<system-out>Low/tests/tmc_csp/test_xtp_60175_skb_476.py:17:0:from tests.resources.test_harness.central_node_with_csp_low import (</system-out>
			<system-err>E0401:Unable to import 'tests.resources.test_harness.central_node_with_csp_low'
Low/tests/tmc_csp/test_xtp_60175_skb_476.py:17:0:from tests.resources.test_harness.central_node_with_csp_low import (</system-err>
		</testcase>
		<testcase name="tmc_csp.test_xtp_60175_skb_476:20:0" classname="pylint" class="error" file="Low/tests/tmc_csp/test_xtp_60175_skb_476.py" line="20">
			<failure type="failure" message="import-error">E0401:Unable to import 'tests.resources.test_harness.subarray_node_with_csp_low'
Low/tests/tmc_csp/test_xtp_60175_skb_476.py:20:0:from tests.resources.test_harness.subarray_node_with_csp_low import (</failure>
			<system-out>Low/tests/tmc_csp/test_xtp_60175_skb_476.py:20:0:from tests.resources.test_harness.subarray_node_with_csp_low import (</system-out>
			<system-err>E0401:Unable to import 'tests.resources.test_harness.subarray_node_with_csp_low'
Low/tests/tmc_csp/test_xtp_60175_skb_476.py:20:0:from tests.resources.test_harness.subarray_node_with_csp_low import (</system-err>
		</testcase>
		<testcase name="tmc_csp.test_xtp_60175_skb_476:23:0" classname="pylint" class="error" file="Low/tests/tmc_csp/test_xtp_60175_skb_476.py" line="23">
			<failure type="failure" message="import-error">E0401:Unable to import 'tests.resources.test_harness.utils.common_utils'
Low/tests/tmc_csp/test_xtp_60175_skb_476.py:23:0:from tests.resources.test_harness.utils.common_utils import JsonFactory</failure>
			<system-out>Low/tests/tmc_csp/test_xtp_60175_skb_476.py:23:0:from tests.resources.test_harness.utils.common_utils import JsonFactory</system-out>
			<system-err>E0401:Unable to import 'tests.resources.test_harness.utils.common_utils'
Low/tests/tmc_csp/test_xtp_60175_skb_476.py:23:0:from tests.resources.test_harness.utils.common_utils import JsonFactory</system-err>
		</testcase>
		<testcase name="tmc_csp.test_xtp_60175_skb_476:24:0" classname="pylint" class="error" file="Low/tests/tmc_csp/test_xtp_60175_skb_476.py" line="24">
			<failure type="failure" message="import-error">E0401:Unable to import 'tests.resources.test_support.common_utils.tmc_helpers'
Low/tests/tmc_csp/test_xtp_60175_skb_476.py:24:0:from tests.resources.test_support.common_utils.tmc_helpers import (</failure>
			<system-out>Low/tests/tmc_csp/test_xtp_60175_skb_476.py:24:0:from tests.resources.test_support.common_utils.tmc_helpers import (</system-out>
			<system-err>E0401:Unable to import 'tests.resources.test_support.common_utils.tmc_helpers'
Low/tests/tmc_csp/test_xtp_60175_skb_476.py:24:0:from tests.resources.test_support.common_utils.tmc_helpers import (</system-err>
		</testcase>
		<testcase name="tmc_csp.test_xtp_60175_skb_476:28:0" classname="pylint" class="error" file="Low/tests/tmc_csp/test_xtp_60175_skb_476.py" line="28">
			<failure type="failure" message="import-error">E0401:Unable to import 'tests.resources.test_support.constant_low'
Low/tests/tmc_csp/test_xtp_60175_skb_476.py:28:0:from tests.resources.test_support.constant_low import TIMEOUT</failure>
			<system-out>Low/tests/tmc_csp/test_xtp_60175_skb_476.py:28:0:from tests.resources.test_support.constant_low import TIMEOUT</system-out>
			<system-err>E0401:Unable to import 'tests.resources.test_support.constant_low'
Low/tests/tmc_csp/test_xtp_60175_skb_476.py:28:0:from tests.resources.test_support.constant_low import TIMEOUT</system-err>
		</testcase>
		<testcase name="tmc_csp.test_xtp_60175_skb_476:0:0" classname="pylint" file="Low/tests/tmc_csp/test_xtp_60175_skb_476.py">
			<system-out>All checks passed for: Low/tests/tmc_csp/test_xtp_60175_skb_476.py</system-out>
		</testcase>
	</testsuite>
	<testsuite disabled="0" errors="0" failures="4" name="tmc_csp.test_xtp-30013_scan_csp" skipped="0" tests="5" time="0">
		<testcase name="tmc_csp.test_xtp-30013_scan_csp:8:0" classname="pylint" class="error" file="Low/tests/tmc_csp/test_xtp-30013_scan_csp.py" line="8">
			<failure type="failure" message="import-error">E0401:Unable to import 'tests.resources.test_harness.central_node_low'
Low/tests/tmc_csp/test_xtp-30013_scan_csp.py:8:0:from tests.resources.test_harness.central_node_low import CentralNodeWrapperLow</failure>
			<system-out>Low/tests/tmc_csp/test_xtp-30013_scan_csp.py:8:0:from tests.resources.test_harness.central_node_low import CentralNodeWrapperLow</system-out>
			<system-err>E0401:Unable to import 'tests.resources.test_harness.central_node_low'
Low/tests/tmc_csp/test_xtp-30013_scan_csp.py:8:0:from tests.resources.test_harness.central_node_low import CentralNodeWrapperLow</system-err>
		</testcase>
		<testcase name="tmc_csp.test_xtp-30013_scan_csp:9:0" classname="pylint" class="error" file="Low/tests/tmc_csp/test_xtp-30013_scan_csp.py" line="9">
			<failure type="failure" message="import-error">E0401:Unable to import 'tests.resources.test_harness.event_recorder'
Low/tests/tmc_csp/test_xtp-30013_scan_csp.py:9:0:from tests.resources.test_harness.event_recorder import EventRecorder</failure>
			<system-out>Low/tests/tmc_csp/test_xtp-30013_scan_csp.py:9:0:from tests.resources.test_harness.event_recorder import EventRecorder</system-out>
			<system-err>E0401:Unable to import 'tests.resources.test_harness.event_recorder'
Low/tests/tmc_csp/test_xtp-30013_scan_csp.py:9:0:from tests.resources.test_harness.event_recorder import EventRecorder</system-err>
		</testcase>
		<testcase name="tmc_csp.test_xtp-30013_scan_csp:10:0" classname="pylint" class="error" file="Low/tests/tmc_csp/test_xtp-30013_scan_csp.py" line="10">
			<failure type="failure" message="import-error">E0401:Unable to import 'tests.resources.test_harness.helpers'
Low/tests/tmc_csp/test_xtp-30013_scan_csp.py:10:0:from tests.resources.test_harness.helpers import (</failure>
			<system-out>Low/tests/tmc_csp/test_xtp-30013_scan_csp.py:10:0:from tests.resources.test_harness.helpers import (</system-out>
			<system-err>E0401:Unable to import 'tests.resources.test_harness.helpers'
Low/tests/tmc_csp/test_xtp-30013_scan_csp.py:10:0:from tests.resources.test_harness.helpers import (</system-err>
		</testcase>
		<testcase name="tmc_csp.test_xtp-30013_scan_csp:14:0" classname="pylint" class="error" file="Low/tests/tmc_csp/test_xtp-30013_scan_csp.py" line="14">
			<failure type="failure" message="import-error">E0401:Unable to import 'tests.resources.test_harness.utils.common_utils'
Low/tests/tmc_csp/test_xtp-30013_scan_csp.py:14:0:from tests.resources.test_harness.utils.common_utils import JsonFactory</failure>
			<system-out>Low/tests/tmc_csp/test_xtp-30013_scan_csp.py:14:0:from tests.resources.test_harness.utils.common_utils import JsonFactory</system-out>
			<system-err>E0401:Unable to import 'tests.resources.test_harness.utils.common_utils'
Low/tests/tmc_csp/test_xtp-30013_scan_csp.py:14:0:from tests.resources.test_harness.utils.common_utils import JsonFactory</system-err>
		</testcase>
		<testcase name="tmc_csp.test_xtp-30013_scan_csp:0:0" classname="pylint" file="Low/tests/tmc_csp/test_xtp-30013_scan_csp.py">
			<system-out>All checks passed for: Low/tests/tmc_csp/test_xtp-30013_scan_csp.py</system-out>
		</testcase>
	</testsuite>
	<testsuite disabled="0" errors="0" failures="0" name="tmc_csp.test_xtp_30154_abort_in_configuring" skipped="0" tests="1" time="0">
		<testcase name="tmc_csp.test_xtp_30154_abort_in_configuring:0:0" classname="pylint" file="Low/tests/tmc_csp/test_xtp_30154_abort_in_configuring.py">
			<system-out>All checks passed for: Low/tests/tmc_csp/test_xtp_30154_abort_in_configuring.py</system-out>
		</testcase>
	</testsuite>
	<testsuite disabled="0" errors="0" failures="0" name="tmc_csp.test_startup_csp" skipped="0" tests="1" time="0">
		<testcase name="tmc_csp.test_startup_csp:0:0" classname="pylint" file="Low/tests/tmc_csp/test_startup_csp.py">
			<system-out>All checks passed for: Low/tests/tmc_csp/test_startup_csp.py</system-out>
		</testcase>
	</testsuite>
	<testsuite disabled="0" errors="0" failures="0" name="tmc_csp.test_xtp_30156_abort_in_idle_ready" skipped="0" tests="0" time="0"/>
</testsuites>

